Copyright 1986-2022 Xilinx, Inc. All Rights Reserved. Copyright 2022-2024 Advanced Micro Devices, Inc. All Rights Reserved.
---------------------------------------------------------------------------------------------------------------------------------------------
| Tool Version : Vivado v.2024.1 (lin64) Build 5076996 Wed May 22 18:36:09 MDT 2024
| Date         : Mon Dec  9 17:14:29 2024
| Host         : eecs-digital-06 running 64-bit Ubuntu 24.04 LTS
| Command      : report_timing_summary -file obj/post_place_timing_summary.rpt
| Design       : top_level
| Device       : 7s50-csga324
| Speed File   : -1  PRODUCTION 1.23 2018-06-13
| Design State : Fully Placed
---------------------------------------------------------------------------------------------------------------------------------------------

Timing Summary Report

------------------------------------------------------------------------------------------------
| Timer Settings
| --------------
------------------------------------------------------------------------------------------------

  Enable Multi Corner Analysis               :  Yes
  Enable Pessimism Removal                   :  Yes
  Pessimism Removal Resolution               :  Nearest Common Node
  Enable Input Delay Default Clock           :  No
  Enable Preset / Clear Arcs                 :  No
  Disable Flight Delays                      :  No
  Ignore I/O Paths                           :  No
  Timing Early Launch at Borrowing Latches   :  No
  Borrow Time for Max Delay Exceptions       :  Yes
  Merge Timing Exceptions                    :  Yes
  Inter-SLR Compensation                     :  Conservative

  Corner  Analyze    Analyze    
  Name    Max Paths  Min Paths  
  ------  ---------  ---------  
  Slow    Yes        Yes        
  Fast    Yes        Yes        


------------------------------------------------------------------------------------------------
| Report Methodology
| ------------------
------------------------------------------------------------------------------------------------

No report available as report_methodology has not been run prior. Run report_methodology on the current design for the summary of methodology violations.



check_timing report

Table of Contents
-----------------
1. checking no_clock (0)
2. checking constant_clock (0)
3. checking pulse_width_clock (0)
4. checking unconstrained_internal_endpoints (0)
5. checking no_input_delay (4)
6. checking no_output_delay (3)
7. checking multiple_clock (0)
8. checking generated_clocks (0)
9. checking loops (0)
10. checking partial_input_delay (0)
11. checking partial_output_delay (0)
12. checking latch_loops (0)

1. checking no_clock (0)
------------------------
 There are 0 register/latch pins with no clock.


2. checking constant_clock (0)
------------------------------
 There are 0 register/latch pins with constant_clock.


3. checking pulse_width_clock (0)
---------------------------------
 There are 0 register/latch pins which need pulse_width check


4. checking unconstrained_internal_endpoints (0)
------------------------------------------------
 There are 0 pins that are not constrained for maximum delay.

 There are 0 pins that are not constrained for maximum delay due to constant clock.


5. checking no_input_delay (4)
------------------------------
 There are 4 input ports with no input delay specified. (HIGH)

 There are 0 input ports with no input delay but user has a false path constraint.


6. checking no_output_delay (3)
-------------------------------
 There are 3 ports with no output delay specified. (HIGH)

 There are 0 ports with no output delay but user has a false path constraint

 There are 0 ports with no output delay but with a timing clock defined on it or propagating through it


7. checking multiple_clock (0)
------------------------------
 There are 0 register/latch pins with multiple clocks.


8. checking generated_clocks (0)
--------------------------------
 There are 0 generated clocks that are not connected to a clock source.


9. checking loops (0)
---------------------
 There are 0 combinational loops in the design.


10. checking partial_input_delay (0)
------------------------------------
 There are 0 input ports with partial input delay specified.


11. checking partial_output_delay (0)
-------------------------------------
 There are 0 ports with partial output delay specified.


12. checking latch_loops (0)
----------------------------
 There are 0 combinational latch loops in the design through latch input



------------------------------------------------------------------------------------------------
| Design Timing Summary
| ---------------------
------------------------------------------------------------------------------------------------

    WNS(ns)      TNS(ns)  TNS Failing Endpoints  TNS Total Endpoints      WHS(ns)      THS(ns)  THS Failing Endpoints  THS Total Endpoints     WPWS(ns)     TPWS(ns)  TPWS Failing Endpoints  TPWS Total Endpoints  
    -------      -------  ---------------------  -------------------      -------      -------  ---------------------  -------------------     --------     --------  ----------------------  --------------------  
      0.395        0.000                      0                13724       -0.188       -2.003                     28                13724        3.500        0.000                       0                  4225  


Timing constraints are not met.


------------------------------------------------------------------------------------------------
| Clock Summary
| -------------
------------------------------------------------------------------------------------------------

Clock  Waveform(ns)       Period(ns)      Frequency(MHz)
-----  ------------       ----------      --------------
gclk   {0.000 4.000}      10.000          100.000         


------------------------------------------------------------------------------------------------
| Intra Clock Table
| -----------------
------------------------------------------------------------------------------------------------

Clock             WNS(ns)      TNS(ns)  TNS Failing Endpoints  TNS Total Endpoints      WHS(ns)      THS(ns)  THS Failing Endpoints  THS Total Endpoints     WPWS(ns)     TPWS(ns)  TPWS Failing Endpoints  TPWS Total Endpoints  
-----             -------      -------  ---------------------  -------------------      -------      -------  ---------------------  -------------------     --------     --------  ----------------------  --------------------  
gclk                0.395        0.000                      0                13724       -0.188       -2.003                     28                13724        3.500        0.000                       0                  4225  


------------------------------------------------------------------------------------------------
| Inter Clock Table
| -----------------
------------------------------------------------------------------------------------------------

From Clock    To Clock          WNS(ns)      TNS(ns)  TNS Failing Endpoints  TNS Total Endpoints      WHS(ns)      THS(ns)  THS Failing Endpoints  THS Total Endpoints  
----------    --------          -------      -------  ---------------------  -------------------      -------      -------  ---------------------  -------------------  


------------------------------------------------------------------------------------------------
| Other Path Groups Table
| -----------------------
------------------------------------------------------------------------------------------------

Path Group    From Clock    To Clock          WNS(ns)      TNS(ns)  TNS Failing Endpoints  TNS Total Endpoints      WHS(ns)      THS(ns)  THS Failing Endpoints  THS Total Endpoints  
----------    ----------    --------          -------      -------  ---------------------  -------------------      -------      -------  ---------------------  -------------------  


------------------------------------------------------------------------------------------------
| Timing Details
| --------------
------------------------------------------------------------------------------------------------


---------------------------------------------------------------------------------------------------
From Clock:  gclk
  To Clock:  gclk

Setup :            0  Failing Endpoints,  Worst Slack        0.395ns,  Total Violation        0.000ns
Hold  :           28  Failing Endpoints,  Worst Slack       -0.188ns,  Total Violation       -2.003ns
PW    :            0  Failing Endpoints,  Worst Slack        3.500ns,  Total Violation        0.000ns
---------------------------------------------------------------------------------------------------


Max Delay Paths
--------------------------------------------------------------------------------------
Slack (MET) :             0.395ns  (required time - arrival time)
  Source:                 expo/result_computer/mont_accumulator_inst/markiplier/n_m_bram/BRAM_reg/CLKBWRCLK
                            (rising edge-triggered cell RAMB36E1 clocked by gclk  {rise@0.000ns fall@4.000ns period=10.000ns})
  Destination:            expo/result_computer/mont_accumulator_inst/markiplier/product_reg__0/PCIN[0]
                            (rising edge-triggered cell DSP48E1 clocked by gclk  {rise@0.000ns fall@4.000ns period=10.000ns})
  Path Group:             gclk
  Path Type:              Setup (Max at Slow Process Corner)
  Requirement:            10.000ns  (gclk rise@10.000ns - gclk rise@0.000ns)
  Data Path Delay:        8.105ns  (logic 5.275ns (65.083%)  route 2.830ns (34.917%))
  Logic Levels:           2  (DSP48E1=1 LUT4=1)
  Clock Path Skew:        -0.065ns (DCD - SCD + CPR)
    Destination Clock Delay (DCD):    4.866ns = ( 14.866 - 10.000 ) 
    Source Clock Delay      (SCD):    5.112ns
    Clock Pessimism Removal (CPR):    0.181ns
  Clock Uncertainty:      0.035ns  ((TSJ^2 + TIJ^2)^1/2 + DJ) / 2 + PE
    Total System Jitter     (TSJ):    0.071ns
    Total Input Jitter      (TIJ):    0.000ns
    Discrete Jitter          (DJ):    0.000ns
    Phase Error              (PE):    0.000ns

    Location             Delay type                Incr(ns)  Path(ns)    Netlist Resource(s)
  -------------------------------------------------------------------    -------------------
                         (clock gclk rise edge)       0.000     0.000 r  
    N15                                               0.000     0.000 r  clk_100mhz (IN)
                         net (fo=0)                   0.000     0.000    clk_100mhz
    N15                  IBUF (Prop_ibuf_I_O)         1.440     1.440 r  clk_100mhz_IBUF_inst/O
                         net (fo=1, estimated)        1.972     3.412    clk_100mhz_IBUF
    BUFGCTRL_X0Y0        BUFG (Prop_bufg_I_O)         0.096     3.508 r  clk_100mhz_IBUF_BUFG_inst/O
                         net (fo=4248, estimated)     1.603     5.112    expo/result_computer/mont_accumulator_inst/markiplier/n_m_bram/clk_100mhz_IBUF_BUFG
    RAMB36_X1Y6          RAMB36E1                                     r  expo/result_computer/mont_accumulator_inst/markiplier/n_m_bram/BRAM_reg/CLKBWRCLK
  -------------------------------------------------------------------    -------------------
    RAMB36_X1Y6          RAMB36E1 (Prop_ramb36e1_CLKBWRCLK_DOBDO[3])
                                                      0.882     5.994 r  expo/result_computer/mont_accumulator_inst/markiplier/n_m_bram/BRAM_reg/DOBDO[3]
                         net (fo=1, estimated)        1.608     7.602    expo/result_computer/mont_accumulator_inst/markiplier/n_m_bram/output_register.douta_reg[3]
    SLICE_X33Y31         LUT4 (Prop_lut4_I3_O)        0.154     7.756 r  expo/result_computer/mont_accumulator_inst/markiplier/n_m_bram/product0__0_i_14__2/O
                         net (fo=1, estimated)        1.222     8.978    expo/result_computer/mont_accumulator_inst/markiplier/n_m_bram_A_read_data_block[3]
    DSP48_X0Y10          DSP48E1 (Prop_dsp48e1_A[3]_PCOUT[0])
                                                      4.239    13.217 r  expo/result_computer/mont_accumulator_inst/markiplier/product0__0/PCOUT[0]
                         net (fo=1, estimated)        0.000    13.217    expo/result_computer/mont_accumulator_inst/markiplier/product0__0_n_153
    DSP48_X0Y11          DSP48E1                                      r  expo/result_computer/mont_accumulator_inst/markiplier/product_reg__0/PCIN[0]
  -------------------------------------------------------------------    -------------------

                         (clock gclk rise edge)      10.000    10.000 r  
    N15                                               0.000    10.000 r  clk_100mhz (IN)
                         net (fo=0)                   0.000    10.000    clk_100mhz
    N15                  IBUF (Prop_ibuf_I_O)         1.370    11.370 r  clk_100mhz_IBUF_inst/O
                         net (fo=1, estimated)        1.873    13.244    clk_100mhz_IBUF
    BUFGCTRL_X0Y0        BUFG (Prop_bufg_I_O)         0.091    13.335 r  clk_100mhz_IBUF_BUFG_inst/O
                         net (fo=4248, estimated)     1.532    14.866    expo/result_computer/mont_accumulator_inst/markiplier/clk_100mhz_IBUF_BUFG
    DSP48_X0Y11          DSP48E1                                      r  expo/result_computer/mont_accumulator_inst/markiplier/product_reg__0/CLK
                         clock pessimism              0.181    15.047    
                         clock uncertainty           -0.035    15.011    
    DSP48_X0Y11          DSP48E1 (Setup_dsp48e1_CLK_PCIN[0])
                                                     -1.400    13.611    expo/result_computer/mont_accumulator_inst/markiplier/product_reg__0
  -------------------------------------------------------------------
                         required time                         13.611    
                         arrival time                         -13.217    
  -------------------------------------------------------------------
                         slack                                  0.395    





Min Delay Paths
--------------------------------------------------------------------------------------
Slack (VIOLATED) :        -0.188ns  (arrival time - required time)
  Source:                 encryptorator/vote_1_reducer/multiplier_TmodR_times_k/n_m_bram_B_write_data_block_reg[16]/C
                            (rising edge-triggered cell FDRE clocked by gclk  {rise@0.000ns fall@4.000ns period=10.000ns})
  Destination:            encryptorator/vote_1_reducer/multiplier_TmodR_times_k/n_m_bram/BRAM_reg/DIADI[16]
                            (rising edge-triggered cell RAMB36E1 clocked by gclk  {rise@0.000ns fall@4.000ns period=10.000ns})
  Path Group:             gclk
  Path Type:              Hold (Min at Fast Process Corner)
  Requirement:            0.000ns  (gclk rise@0.000ns - gclk rise@0.000ns)
  Data Path Delay:        0.273ns  (logic 0.141ns (51.740%)  route 0.132ns (48.260%))
  Logic Levels:           0  
  Clock Path Skew:        0.305ns (DCD - SCD - CPR)
    Destination Clock Delay (DCD):    2.173ns
    Source Clock Delay      (SCD):    1.634ns
    Clock Pessimism Removal (CPR):    0.234ns

    Location             Delay type                Incr(ns)  Path(ns)    Netlist Resource(s)
  -------------------------------------------------------------------    -------------------
                         (clock gclk rise edge)       0.000     0.000 r  
    N15                                               0.000     0.000 r  clk_100mhz (IN)
                         net (fo=0)                   0.000     0.000    clk_100mhz
    N15                  IBUF (Prop_ibuf_I_O)         0.209     0.209 r  clk_100mhz_IBUF_inst/O
                         net (fo=1, estimated)        0.831     1.040    clk_100mhz_IBUF
    BUFGCTRL_X0Y0        BUFG (Prop_bufg_I_O)         0.026     1.066 r  clk_100mhz_IBUF_BUFG_inst/O
                         net (fo=4248, estimated)     0.568     1.634    encryptorator/vote_1_reducer/multiplier_TmodR_times_k/clk_100mhz_IBUF_BUFG
    SLICE_X9Y49          FDRE                                         r  encryptorator/vote_1_reducer/multiplier_TmodR_times_k/n_m_bram_B_write_data_block_reg[16]/C
  -------------------------------------------------------------------    -------------------
    SLICE_X9Y49          FDRE (Prop_fdre_C_Q)         0.141     1.775 r  encryptorator/vote_1_reducer/multiplier_TmodR_times_k/n_m_bram_B_write_data_block_reg[16]/Q
                         net (fo=1, estimated)        0.132     1.906    encryptorator/vote_1_reducer/multiplier_TmodR_times_k/n_m_bram/BRAM_reg_1[16]
    RAMB36_X0Y10         RAMB36E1                                     r  encryptorator/vote_1_reducer/multiplier_TmodR_times_k/n_m_bram/BRAM_reg/DIADI[16]
  -------------------------------------------------------------------    -------------------

                         (clock gclk rise edge)       0.000     0.000 r  
    N15                                               0.000     0.000 r  clk_100mhz (IN)
                         net (fo=0)                   0.000     0.000    clk_100mhz
    N15                  IBUF (Prop_ibuf_I_O)         0.396     0.396 r  clk_100mhz_IBUF_inst/O
                         net (fo=1, estimated)        0.875     1.271    clk_100mhz_IBUF
    BUFGCTRL_X0Y0        BUFG (Prop_bufg_I_O)         0.029     1.300 r  clk_100mhz_IBUF_BUFG_inst/O
                         net (fo=4248, estimated)     0.873     2.173    encryptorator/vote_1_reducer/multiplier_TmodR_times_k/n_m_bram/clk_100mhz_IBUF_BUFG
    RAMB36_X0Y10         RAMB36E1                                     r  encryptorator/vote_1_reducer/multiplier_TmodR_times_k/n_m_bram/BRAM_reg/CLKARDCLK
                         clock pessimism             -0.234     1.939    
    RAMB36_X0Y10         RAMB36E1 (Hold_ramb36e1_CLKARDCLK_DIADI[16])
                                                      0.155     2.094    encryptorator/vote_1_reducer/multiplier_TmodR_times_k/n_m_bram/BRAM_reg
  -------------------------------------------------------------------
                         required time                         -2.094    
                         arrival time                           1.906    
  -------------------------------------------------------------------
                         slack                                 -0.188    





Pulse Width Checks
--------------------------------------------------------------------------------------
Clock Name:         gclk
Waveform(ns):       { 0.000 4.000 }
Period(ns):         10.000
Sources:            { clk_100mhz }

Check Type        Corner  Lib Pin      Reference Pin  Required(ns)  Actual(ns)  Slack(ns)  Location     Pin
Min Period        n/a     DSP48E1/CLK  n/a            3.687         10.000      6.313      DSP48_X0Y17  encryptorator/vote_1_caster/product_reg/CLK
Low Pulse Width   Slow    FDRE/C       n/a            0.500         6.000       5.500      SLICE_X9Y8   FSM_sequential_vote_procesor_states_reg[0]/C
High Pulse Width  Slow    FDRE/C       n/a            0.500         4.000       3.500      SLICE_X9Y8   FSM_sequential_vote_procesor_states_reg[0]/C



