Copyright 1986-2022 Xilinx, Inc. All Rights Reserved. Copyright 2022-2024 Advanced Micro Devices, Inc. All Rights Reserved.
---------------------------------------------------------------------------------------------------------------------------------------------
| Tool Version : Vivado v.2024.1 (lin64) Build 5076996 Wed May 22 18:36:09 MDT 2024
| Date         : Tue Nov 26 14:47:47 2024
| Host         : eecs-digital-42 running 64-bit Ubuntu 24.04.1 LTS
| Command      : report_timing -file obj/post_route_timing.rpt
| Design       : top_level
| Device       : 7s50-csga324
| Speed File   : -1  PRODUCTION 1.23 2018-06-13
| Design State : Routed
---------------------------------------------------------------------------------------------------------------------------------------------

Timing Report

Slack (MET) :             0.810ns  (required time - arrival time)
  Source:                 test_reduce_compiling/multiplier_TmodR_times_k/chunk_multiplication__1/CLK
                            (rising edge-triggered cell DSP48E1 clocked by gclk  {rise@0.000ns fall@4.000ns period=10.000ns})
  Destination:            test_reduce_compiling/multiplier_TmodR_times_k/mul_storer/pip1/data_pipe_reg[0][29]/D
                            (rising edge-triggered cell FDRE clocked by gclk  {rise@0.000ns fall@4.000ns period=10.000ns})
  Path Group:             gclk
  Path Type:              Setup (Max at Slow Process Corner)
  Requirement:            10.000ns  (gclk rise@10.000ns - gclk rise@0.000ns)
  Data Path Delay:        9.103ns  (logic 7.872ns (86.477%)  route 1.231ns (13.523%))
  Logic Levels:           14  (CARRY4=12 DSP48E1=1 LUT2=1)
  Clock Path Skew:        -0.114ns (DCD - SCD + CPR)
    Destination Clock Delay (DCD):    4.781ns = ( 14.781 - 10.000 ) 
    Source Clock Delay      (SCD):    5.166ns
    Clock Pessimism Removal (CPR):    0.272ns
  Clock Uncertainty:      0.035ns  ((TSJ^2 + TIJ^2)^1/2 + DJ) / 2 + PE
    Total System Jitter     (TSJ):    0.071ns
    Total Input Jitter      (TIJ):    0.000ns
    Discrete Jitter          (DJ):    0.000ns
    Phase Error              (PE):    0.000ns

    Location             Delay type                Incr(ns)  Path(ns)    Netlist Resource(s)
  -------------------------------------------------------------------    -------------------
                         (clock gclk rise edge)       0.000     0.000 r  
    N15                                               0.000     0.000 r  clk_100mhz (IN)
                         net (fo=0)                   0.000     0.000    clk_100mhz
    N15                  IBUF (Prop_ibuf_I_O)         1.440     1.440 r  clk_100mhz_IBUF_inst/O
                         net (fo=1, routed)           1.972     3.412    clk_100mhz_IBUF
    BUFGCTRL_X0Y0        BUFG (Prop_bufg_I_O)         0.096     3.508 r  clk_100mhz_IBUF_BUFG_inst/O
                         net (fo=815, routed)         1.658     5.166    test_reduce_compiling/multiplier_TmodR_times_k/clk_100mhz_IBUF_BUFG
    DSP48_X0Y16          DSP48E1                                      r  test_reduce_compiling/multiplier_TmodR_times_k/chunk_multiplication__1/CLK
  -------------------------------------------------------------------    -------------------
    DSP48_X0Y16          DSP48E1 (Prop_dsp48e1_CLK_PCOUT[47])
                                                      4.206     9.372 r  test_reduce_compiling/multiplier_TmodR_times_k/chunk_multiplication__1/PCOUT[47]
                         net (fo=1, routed)           0.002     9.374    test_reduce_compiling/multiplier_TmodR_times_k/chunk_multiplication__1_n_106
    DSP48_X0Y17          DSP48E1 (Prop_dsp48e1_PCIN[47]_P[0])
                                                      1.518    10.892 r  test_reduce_compiling/multiplier_TmodR_times_k/chunk_multiplication__2/P[0]
                         net (fo=2, routed)           1.229    12.121    test_reduce_compiling/multiplier_TmodR_times_k/chunk_multiplication__2_n_105
    SLICE_X11Y35         LUT2 (Prop_lut2_I0_O)        0.124    12.245 r  test_reduce_compiling/multiplier_TmodR_times_k/data_pipe[0][19]_i_4/O
                         net (fo=1, routed)           0.000    12.245    test_reduce_compiling/multiplier_TmodR_times_k/data_pipe[0][19]_i_4_n_0
    SLICE_X11Y35         CARRY4 (Prop_carry4_S[1]_CO[3])
                                                      0.550    12.795 r  test_reduce_compiling/multiplier_TmodR_times_k/data_pipe_reg[0][19]_i_1/CO[3]
                         net (fo=1, routed)           0.000    12.795    test_reduce_compiling/multiplier_TmodR_times_k/data_pipe_reg[0][19]_i_1_n_0
    SLICE_X11Y36         CARRY4 (Prop_carry4_CI_CO[3])
                                                      0.114    12.909 r  test_reduce_compiling/multiplier_TmodR_times_k/data_pipe_reg[0][23]_i_1/CO[3]
                         net (fo=1, routed)           0.000    12.909    test_reduce_compiling/multiplier_TmodR_times_k/data_pipe_reg[0][23]_i_1_n_0
    SLICE_X11Y37         CARRY4 (Prop_carry4_CI_CO[3])
                                                      0.114    13.023 r  test_reduce_compiling/multiplier_TmodR_times_k/data_pipe_reg[0][27]_i_1/CO[3]
                         net (fo=1, routed)           0.000    13.023    test_reduce_compiling/multiplier_TmodR_times_k/data_pipe_reg[0][27]_i_1_n_0
    SLICE_X11Y38         CARRY4 (Prop_carry4_CI_CO[3])
                                                      0.114    13.137 r  test_reduce_compiling/multiplier_TmodR_times_k/data_pipe_reg[0][31]_i_1/CO[3]
                         net (fo=1, routed)           0.000    13.137    test_reduce_compiling/multiplier_TmodR_times_k/data_pipe_reg[0][31]_i_1_n_0
    SLICE_X11Y39         CARRY4 (Prop_carry4_CI_CO[3])
                                                      0.114    13.251 r  test_reduce_compiling/multiplier_TmodR_times_k/data_pipe_reg[0][3]_i_1/CO[3]
                         net (fo=1, routed)           0.000    13.251    test_reduce_compiling/multiplier_TmodR_times_k/data_pipe_reg[0][3]_i_1_n_0
    SLICE_X11Y40         CARRY4 (Prop_carry4_CI_CO[3])
                                                      0.114    13.365 r  test_reduce_compiling/multiplier_TmodR_times_k/data_pipe_reg[0][7]_i_1/CO[3]
                         net (fo=1, routed)           0.000    13.365    test_reduce_compiling/multiplier_TmodR_times_k/data_pipe_reg[0][7]_i_1_n_0
    SLICE_X11Y41         CARRY4 (Prop_carry4_CI_CO[3])
                                                      0.114    13.479 r  test_reduce_compiling/multiplier_TmodR_times_k/data_pipe_reg[0][11]_i_1/CO[3]
                         net (fo=1, routed)           0.000    13.479    test_reduce_compiling/multiplier_TmodR_times_k/data_pipe_reg[0][11]_i_1_n_0
    SLICE_X11Y42         CARRY4 (Prop_carry4_CI_CO[3])
                                                      0.114    13.593 r  test_reduce_compiling/multiplier_TmodR_times_k/data_pipe_reg[0][15]_i_1/CO[3]
                         net (fo=1, routed)           0.000    13.593    test_reduce_compiling/multiplier_TmodR_times_k/data_pipe_reg[0][15]_i_1_n_0
    SLICE_X11Y43         CARRY4 (Prop_carry4_CI_CO[3])
                                                      0.114    13.707 r  test_reduce_compiling/multiplier_TmodR_times_k/data_pipe_reg[0][19]_i_1__0/CO[3]
                         net (fo=1, routed)           0.000    13.707    test_reduce_compiling/multiplier_TmodR_times_k/data_pipe_reg[0][19]_i_1__0_n_0
    SLICE_X11Y44         CARRY4 (Prop_carry4_CI_CO[3])
                                                      0.114    13.821 r  test_reduce_compiling/multiplier_TmodR_times_k/data_pipe_reg[0][23]_i_1__0/CO[3]
                         net (fo=1, routed)           0.000    13.821    test_reduce_compiling/multiplier_TmodR_times_k/data_pipe_reg[0][23]_i_1__0_n_0
    SLICE_X11Y45         CARRY4 (Prop_carry4_CI_CO[3])
                                                      0.114    13.935 r  test_reduce_compiling/multiplier_TmodR_times_k/data_pipe_reg[0][27]_i_1__0/CO[3]
                         net (fo=1, routed)           0.000    13.935    test_reduce_compiling/multiplier_TmodR_times_k/data_pipe_reg[0][27]_i_1__0_n_0
    SLICE_X11Y46         CARRY4 (Prop_carry4_CI_O[1])
                                                      0.334    14.269 r  test_reduce_compiling/multiplier_TmodR_times_k/data_pipe_reg[0][31]_i_1__0/O[1]
                         net (fo=1, routed)           0.000    14.269    test_reduce_compiling/multiplier_TmodR_times_k/mul_storer/pip1/chunk_multiplication[29]
    SLICE_X11Y46         FDRE                                         r  test_reduce_compiling/multiplier_TmodR_times_k/mul_storer/pip1/data_pipe_reg[0][29]/D
  -------------------------------------------------------------------    -------------------

                         (clock gclk rise edge)      10.000    10.000 r  
    N15                                               0.000    10.000 r  clk_100mhz (IN)
                         net (fo=0)                   0.000    10.000    clk_100mhz
    N15                  IBUF (Prop_ibuf_I_O)         1.370    11.370 r  clk_100mhz_IBUF_inst/O
                         net (fo=1, routed)           1.868    13.238    clk_100mhz_IBUF
    BUFGCTRL_X0Y0        BUFG (Prop_bufg_I_O)         0.091    13.329 r  clk_100mhz_IBUF_BUFG_inst/O
                         net (fo=815, routed)         1.451    14.781    test_reduce_compiling/multiplier_TmodR_times_k/mul_storer/pip1/clk_100mhz_IBUF_BUFG
    SLICE_X11Y46         FDRE                                         r  test_reduce_compiling/multiplier_TmodR_times_k/mul_storer/pip1/data_pipe_reg[0][29]/C
                         clock pessimism              0.272    15.052    
                         clock uncertainty           -0.035    15.017    
    SLICE_X11Y46         FDRE (Setup_fdre_C_D)        0.062    15.079    test_reduce_compiling/multiplier_TmodR_times_k/mul_storer/pip1/data_pipe_reg[0][29]
  -------------------------------------------------------------------
                         required time                         15.079    
                         arrival time                         -14.269    
  -------------------------------------------------------------------
                         slack                                  0.810    




