Copyright 1986-2022 Xilinx, Inc. All Rights Reserved. Copyright 2022-2024 Advanced Micro Devices, Inc. All Rights Reserved.
---------------------------------------------------------------------------------------------------------------------------------------------
| Tool Version : Vivado v.2024.1 (lin64) Build 5076996 Wed May 22 18:36:09 MDT 2024
| Date         : Mon Dec  9 17:41:12 2024
| Host         : eecs-digital-05 running 64-bit Ubuntu 24.04.1 LTS
| Command      : report_timing_summary -file obj/post_synth_timing_summary.rpt
| Design       : top_level
| Device       : 7s50-csga324
| Speed File   : -1  PRODUCTION 1.23 2018-06-13
| Design State : Synthesized
---------------------------------------------------------------------------------------------------------------------------------------------

Timing Summary Report

------------------------------------------------------------------------------------------------
| Timer Settings
| --------------
------------------------------------------------------------------------------------------------

  Enable Multi Corner Analysis               :  Yes
  Enable Pessimism Removal                   :  Yes
  Pessimism Removal Resolution               :  Nearest Common Node
  Enable Input Delay Default Clock           :  No
  Enable Preset / Clear Arcs                 :  No
  Disable Flight Delays                      :  No
  Ignore I/O Paths                           :  No
  Timing Early Launch at Borrowing Latches   :  No
  Borrow Time for Max Delay Exceptions       :  Yes
  Merge Timing Exceptions                    :  Yes
  Inter-SLR Compensation                     :  Conservative

  Corner  Analyze    Analyze    
  Name    Max Paths  Min Paths  
  ------  ---------  ---------  
  Slow    Yes        Yes        
  Fast    Yes        Yes        


------------------------------------------------------------------------------------------------
| Report Methodology
| ------------------
------------------------------------------------------------------------------------------------

No report available as report_methodology has not been run prior. Run report_methodology on the current design for the summary of methodology violations.



check_timing report

Table of Contents
-----------------
1. checking no_clock (0)
2. checking constant_clock (0)
3. checking pulse_width_clock (0)
4. checking unconstrained_internal_endpoints (0)
5. checking no_input_delay (4)
6. checking no_output_delay (3)
7. checking multiple_clock (0)
8. checking generated_clocks (0)
9. checking loops (0)
10. checking partial_input_delay (0)
11. checking partial_output_delay (0)
12. checking latch_loops (0)

1. checking no_clock (0)
------------------------
 There are 0 register/latch pins with no clock.


2. checking constant_clock (0)
------------------------------
 There are 0 register/latch pins with constant_clock.


3. checking pulse_width_clock (0)
---------------------------------
 There are 0 register/latch pins which need pulse_width check


4. checking unconstrained_internal_endpoints (0)
------------------------------------------------
 There are 0 pins that are not constrained for maximum delay.

 There are 0 pins that are not constrained for maximum delay due to constant clock.


5. checking no_input_delay (4)
------------------------------
 There are 4 input ports with no input delay specified. (HIGH)

 There are 0 input ports with no input delay but user has a false path constraint.


6. checking no_output_delay (3)
-------------------------------
 There are 3 ports with no output delay specified. (HIGH)

 There are 0 ports with no output delay but user has a false path constraint

 There are 0 ports with no output delay but with a timing clock defined on it or propagating through it


7. checking multiple_clock (0)
------------------------------
 There are 0 register/latch pins with multiple clocks.


8. checking generated_clocks (0)
--------------------------------
 There are 0 generated clocks that are not connected to a clock source.


9. checking loops (0)
---------------------
 There are 0 combinational loops in the design.


10. checking partial_input_delay (0)
------------------------------------
 There are 0 input ports with partial input delay specified.


11. checking partial_output_delay (0)
-------------------------------------
 There are 0 ports with partial output delay specified.


12. checking latch_loops (0)
----------------------------
 There are 0 combinational latch loops in the design through latch input



------------------------------------------------------------------------------------------------
| Design Timing Summary
| ---------------------
------------------------------------------------------------------------------------------------

    WNS(ns)      TNS(ns)  TNS Failing Endpoints  TNS Total Endpoints      WHS(ns)      THS(ns)  THS Failing Endpoints  THS Total Endpoints     WPWS(ns)     TPWS(ns)  TPWS Failing Endpoints  TPWS Total Endpoints  
    -------      -------  ---------------------  -------------------      -------      -------  ---------------------  -------------------     --------     --------  ----------------------  --------------------  
      0.423        0.000                      0                21261        0.134        0.000                      0                21261        3.500        0.000                       0                  5369  


All user specified timing constraints are met.


------------------------------------------------------------------------------------------------
| Clock Summary
| -------------
------------------------------------------------------------------------------------------------

Clock  Waveform(ns)       Period(ns)      Frequency(MHz)
-----  ------------       ----------      --------------
gclk   {0.000 4.000}      10.000          100.000         


------------------------------------------------------------------------------------------------
| Intra Clock Table
| -----------------
------------------------------------------------------------------------------------------------

Clock             WNS(ns)      TNS(ns)  TNS Failing Endpoints  TNS Total Endpoints      WHS(ns)      THS(ns)  THS Failing Endpoints  THS Total Endpoints     WPWS(ns)     TPWS(ns)  TPWS Failing Endpoints  TPWS Total Endpoints  
-----             -------      -------  ---------------------  -------------------      -------      -------  ---------------------  -------------------     --------     --------  ----------------------  --------------------  
gclk                0.423        0.000                      0                21261        0.134        0.000                      0                21261        3.500        0.000                       0                  5369  


------------------------------------------------------------------------------------------------
| Inter Clock Table
| -----------------
------------------------------------------------------------------------------------------------

From Clock    To Clock          WNS(ns)      TNS(ns)  TNS Failing Endpoints  TNS Total Endpoints      WHS(ns)      THS(ns)  THS Failing Endpoints  THS Total Endpoints  
----------    --------          -------      -------  ---------------------  -------------------      -------      -------  ---------------------  -------------------  


------------------------------------------------------------------------------------------------
| Other Path Groups Table
| -----------------------
------------------------------------------------------------------------------------------------

Path Group    From Clock    To Clock          WNS(ns)      TNS(ns)  TNS Failing Endpoints  TNS Total Endpoints      WHS(ns)      THS(ns)  THS Failing Endpoints  THS Total Endpoints  
----------    ----------    --------          -------      -------  ---------------------  -------------------      -------      -------  ---------------------  -------------------  


------------------------------------------------------------------------------------------------
| Timing Details
| --------------
------------------------------------------------------------------------------------------------


---------------------------------------------------------------------------------------------------
From Clock:  gclk
  To Clock:  gclk

Setup :            0  Failing Endpoints,  Worst Slack        0.423ns,  Total Violation        0.000ns
Hold  :            0  Failing Endpoints,  Worst Slack        0.134ns,  Total Violation        0.000ns
PW    :            0  Failing Endpoints,  Worst Slack        3.500ns,  Total Violation        0.000ns
---------------------------------------------------------------------------------------------------


Max Delay Paths
--------------------------------------------------------------------------------------
Slack (MET) :             0.423ns  (required time - arrival time)
  Source:                 expo/result_computer/mont_accumulator_inst/markiplier/bab_z1_a_reg[16]__0/C
                            (rising edge-triggered cell FDRE clocked by gclk  {rise@0.000ns fall@4.000ns period=10.000ns})
  Destination:            expo/result_computer/mont_accumulator_inst/markiplier/accumulator_bram_A_write_data_block_reg[63]/D
                            (rising edge-triggered cell FDRE clocked by gclk  {rise@0.000ns fall@4.000ns period=10.000ns})
  Path Group:             gclk
  Path Type:              Setup (Max at Slow Process Corner)
  Requirement:            10.000ns  (gclk rise@10.000ns - gclk rise@0.000ns)
  Data Path Delay:        9.426ns  (logic 5.931ns (62.922%)  route 3.495ns (37.078%))
  Logic Levels:           13  (CARRY4=9 LUT2=4)
  Clock Path Skew:        -0.145ns (DCD - SCD + CPR)
    Destination Clock Delay (DCD):    2.660ns = ( 12.660 - 10.000 ) 
    Source Clock Delay      (SCD):    2.920ns
    Clock Pessimism Removal (CPR):    0.115ns
  Clock Uncertainty:      0.035ns  ((TSJ^2 + TIJ^2)^1/2 + DJ) / 2 + PE
    Total System Jitter     (TSJ):    0.071ns
    Total Input Jitter      (TIJ):    0.000ns
    Discrete Jitter          (DJ):    0.000ns
    Phase Error              (PE):    0.000ns

    Location             Delay type                Incr(ns)  Path(ns)    Netlist Resource(s)
  -------------------------------------------------------------------    -------------------
                         (clock gclk rise edge)       0.000     0.000 r  
    N15                                               0.000     0.000 r  clk_100mhz (IN)
                         net (fo=0)                   0.000     0.000    clk_100mhz
    N15                  IBUF (Prop_ibuf_I_O)         1.440     1.440 r  clk_100mhz_IBUF_inst/O
                         net (fo=1, unplaced)         0.800     2.240    clk_100mhz_IBUF
                         BUFG (Prop_bufg_I_O)         0.096     2.336 r  clk_100mhz_IBUF_BUFG_inst/O
                         net (fo=5428, unplaced)      0.584     2.920    expo/result_computer/mont_accumulator_inst/markiplier/CLK
                         FDRE                                         r  expo/result_computer/mont_accumulator_inst/markiplier/bab_z1_a_reg[16]__0/C
  -------------------------------------------------------------------    -------------------
                         FDRE (Prop_fdre_C_Q)         0.456     3.376 r  expo/result_computer/mont_accumulator_inst/markiplier/bab_z1_a_reg[16]__0/Q
                         net (fo=1, unplaced)         0.666     4.042    expo/result_computer/mont_accumulator_inst/markiplier/bab_z1_a_reg[16]__0_n_0
                         CARRY4 (Prop_carry4_S[0]_CO[3])
                                                      0.827     4.869 r  expo/result_computer/mont_accumulator_inst/markiplier/bab_z1_a0_carry/CO[3]
                         net (fo=1, unplaced)         0.009     4.878    expo/result_computer/mont_accumulator_inst/markiplier/bab_z1_a0_carry_n_0
                         CARRY4 (Prop_carry4_CI_O[1])
                                                      0.348     5.226 r  expo/result_computer/mont_accumulator_inst/markiplier/bab_z1_a0_carry__0/O[1]
                         net (fo=2, unplaced)         0.622     5.848    expo/result_computer/mont_accumulator_inst/markiplier/bab_z1_a_reg__1[21]
                         LUT2 (Prop_lut2_I0_O)        0.306     6.154 r  expo/result_computer/mont_accumulator_inst/markiplier/prev_upper_prod[2]_i_40/O
                         net (fo=1, unplaced)         0.000     6.154    expo/result_computer/mont_accumulator_inst/markiplier/prev_upper_prod[2]_i_40_n_0
                         CARRY4 (Prop_carry4_S[1]_CO[3])
                                                      0.550     6.704 r  expo/result_computer/mont_accumulator_inst/markiplier/prev_upper_prod_reg[2]_i_28__4/CO[3]
                         net (fo=1, unplaced)         0.000     6.704    expo/result_computer/mont_accumulator_inst/markiplier/prev_upper_prod_reg[2]_i_28__4_n_0
                         CARRY4 (Prop_carry4_CI_O[1])
                                                      0.348     7.052 r  expo/result_computer/mont_accumulator_inst/markiplier/prev_upper_prod_reg[2]_i_18__4/O[1]
                         net (fo=1, unplaced)         0.611     7.663    expo/result_computer/mont_accumulator_inst/markiplier/prev_upper_prod3[25]
                         LUT2 (Prop_lut2_I1_O)        0.306     7.969 r  expo/result_computer/mont_accumulator_inst/markiplier/prev_upper_prod[2]_i_15/O
                         net (fo=1, unplaced)         0.000     7.969    expo/result_computer/mont_accumulator_inst/markiplier/prev_upper_prod[2]_i_15_n_0
                         CARRY4 (Prop_carry4_S[2]_CO[3])
                                                      0.398     8.367 r  expo/result_computer/mont_accumulator_inst/markiplier/prev_upper_prod_reg[2]_i_7__4/CO[3]
                         net (fo=1, unplaced)         0.000     8.367    expo/result_computer/mont_accumulator_inst/markiplier/prev_upper_prod_reg[2]_i_7__4_n_0
                         CARRY4 (Prop_carry4_CI_O[0])
                                                      0.235     8.602 r  expo/result_computer/mont_accumulator_inst/markiplier/prev_upper_prod_reg[2]_i_2__4/O[0]
                         net (fo=2, unplaced)         0.657     9.259    expo/result_computer/mont_accumulator_inst/markiplier/prev_upper_prod_reg[2]_i_2__4_n_7
                         CARRY4 (Prop_carry4_DI[3]_CO[3])
                                                      0.556     9.815 r  expo/result_computer/mont_accumulator_inst/markiplier/prev_prod_sum_carry_reg_i_3__4/CO[3]
                         net (fo=1, unplaced)         0.000     9.815    expo/result_computer/mont_accumulator_inst/markiplier/prev_prod_sum_carry_reg_i_3__4_n_0
                         CARRY4 (Prop_carry4_CI_O[1])
                                                      0.348    10.163 r  expo/result_computer/mont_accumulator_inst/markiplier/prev_prod_sum_carry_reg_i_2__4/O[1]
                         net (fo=1, unplaced)         0.312    10.475    expo/result_computer/mont_accumulator_inst/markiplier/prev_prod_sum_carry_reg_i_2__4_n_6
                         LUT2 (Prop_lut2_I1_O)        0.306    10.781 r  expo/result_computer/mont_accumulator_inst/markiplier/prev_accumulator_sum_carry_i_5/O
                         net (fo=1, unplaced)         0.000    10.781    expo/result_computer/mont_accumulator_inst/markiplier/prev_accumulator_sum_carry_i_5_n_0
                         CARRY4 (Prop_carry4_S[1]_O[3])
                                                      0.640    11.421 r  expo/result_computer/mont_accumulator_inst/markiplier/prev_accumulator_sum_carry_reg_i_2__4/O[3]
                         net (fo=1, unplaced)         0.618    12.039    expo/result_computer/mont_accumulator_inst/markiplier/prev_accumulator_sum_carry_reg_i_2__4_n_4
                         LUT2 (Prop_lut2_I0_O)        0.307    12.346 r  expo/result_computer/mont_accumulator_inst/markiplier/accumulator_bram_A_write_data_block[63]_i_2__3/O
                         net (fo=1, unplaced)         0.000    12.346    expo/result_computer/mont_accumulator_inst/markiplier/accumulator_bram_A_write_data_block1_in[63]
                         FDRE                                         r  expo/result_computer/mont_accumulator_inst/markiplier/accumulator_bram_A_write_data_block_reg[63]/D
  -------------------------------------------------------------------    -------------------

                         (clock gclk rise edge)      10.000    10.000 r  
    N15                                               0.000    10.000 r  clk_100mhz (IN)
                         net (fo=0)                   0.000    10.000    clk_100mhz
    N15                  IBUF (Prop_ibuf_I_O)         1.370    11.370 r  clk_100mhz_IBUF_inst/O
                         net (fo=1, unplaced)         0.760    12.130    clk_100mhz_IBUF
                         BUFG (Prop_bufg_I_O)         0.091    12.221 r  clk_100mhz_IBUF_BUFG_inst/O
                         net (fo=5428, unplaced)      0.439    12.660    expo/result_computer/mont_accumulator_inst/markiplier/CLK
                         FDRE                                         r  expo/result_computer/mont_accumulator_inst/markiplier/accumulator_bram_A_write_data_block_reg[63]/C
                         clock pessimism              0.115    12.775    
                         clock uncertainty           -0.035    12.740    
                         FDRE (Setup_fdre_C_D)        0.029    12.769    expo/result_computer/mont_accumulator_inst/markiplier/accumulator_bram_A_write_data_block_reg[63]
  -------------------------------------------------------------------
                         required time                         12.769    
                         arrival time                         -12.346    
  -------------------------------------------------------------------
                         slack                                  0.423    





Min Delay Paths
--------------------------------------------------------------------------------------
Slack (MET) :             0.134ns  (arrival time - required time)
  Source:                 expo/result_computer/mont_accumulator_inst/markiplier/accumulator_addr_pipe3_reg[0]/C
                            (rising edge-triggered cell FDRE clocked by gclk  {rise@0.000ns fall@4.000ns period=10.000ns})
  Destination:            expo/result_computer/mont_accumulator_inst/markiplier/accumulator_bram_A_write_addr_reg[0]/D
                            (rising edge-triggered cell FDRE clocked by gclk  {rise@0.000ns fall@4.000ns period=10.000ns})
  Path Group:             gclk
  Path Type:              Hold (Min at Fast Process Corner)
  Requirement:            0.000ns  (gclk rise@0.000ns - gclk rise@0.000ns)
  Data Path Delay:        0.370ns  (logic 0.239ns (64.578%)  route 0.131ns (35.422%))
  Logic Levels:           1  (LUT5=1)
  Clock Path Skew:        0.145ns (DCD - SCD - CPR)
    Destination Clock Delay (DCD):    1.039ns
    Source Clock Delay      (SCD):    0.686ns
    Clock Pessimism Removal (CPR):    0.208ns

    Location             Delay type                Incr(ns)  Path(ns)    Netlist Resource(s)
  -------------------------------------------------------------------    -------------------
                         (clock gclk rise edge)       0.000     0.000 r  
    N15                                               0.000     0.000 r  clk_100mhz (IN)
                         net (fo=0)                   0.000     0.000    clk_100mhz
    N15                  IBUF (Prop_ibuf_I_O)         0.209     0.209 r  clk_100mhz_IBUF_inst/O
                         net (fo=1, unplaced)         0.337     0.546    clk_100mhz_IBUF
                         BUFG (Prop_bufg_I_O)         0.026     0.572 r  clk_100mhz_IBUF_BUFG_inst/O
                         net (fo=5428, unplaced)      0.114     0.686    expo/result_computer/mont_accumulator_inst/markiplier/CLK
                         FDRE                                         r  expo/result_computer/mont_accumulator_inst/markiplier/accumulator_addr_pipe3_reg[0]/C
  -------------------------------------------------------------------    -------------------
                         FDRE (Prop_fdre_C_Q)         0.141     0.827 r  expo/result_computer/mont_accumulator_inst/markiplier/accumulator_addr_pipe3_reg[0]/Q
                         net (fo=1, unplaced)         0.131     0.958    expo/result_computer/mont_accumulator_inst/markiplier/accumulator_addr_pipe3[0]
                         LUT5 (Prop_lut5_I4_O)        0.098     1.056 r  expo/result_computer/mont_accumulator_inst/markiplier/accumulator_bram_A_write_addr[0]_i_1__4/O
                         net (fo=1, unplaced)         0.000     1.056    expo/result_computer/mont_accumulator_inst/markiplier/accumulator_bram_A_write_addr[0]_i_1__4_n_0
                         FDRE                                         r  expo/result_computer/mont_accumulator_inst/markiplier/accumulator_bram_A_write_addr_reg[0]/D
  -------------------------------------------------------------------    -------------------

                         (clock gclk rise edge)       0.000     0.000 r  
    N15                                               0.000     0.000 r  clk_100mhz (IN)
                         net (fo=0)                   0.000     0.000    clk_100mhz
    N15                  IBUF (Prop_ibuf_I_O)         0.396     0.396 r  clk_100mhz_IBUF_inst/O
                         net (fo=1, unplaced)         0.355     0.751    clk_100mhz_IBUF
                         BUFG (Prop_bufg_I_O)         0.029     0.780 r  clk_100mhz_IBUF_BUFG_inst/O
                         net (fo=5428, unplaced)      0.259     1.039    expo/result_computer/mont_accumulator_inst/markiplier/CLK
                         FDRE                                         r  expo/result_computer/mont_accumulator_inst/markiplier/accumulator_bram_A_write_addr_reg[0]/C
                         clock pessimism             -0.208     0.831    
                         FDRE (Hold_fdre_C_D)         0.091     0.922    expo/result_computer/mont_accumulator_inst/markiplier/accumulator_bram_A_write_addr_reg[0]
  -------------------------------------------------------------------
                         required time                         -0.922    
                         arrival time                           1.056    
  -------------------------------------------------------------------
                         slack                                  0.134    





Pulse Width Checks
--------------------------------------------------------------------------------------
Clock Name:         gclk
Waveform(ns):       { 0.000 4.000 }
Period(ns):         10.000
Sources:            { clk_100mhz }

Check Type        Corner  Lib Pin      Reference Pin  Required(ns)  Actual(ns)  Slack(ns)  Location  Pin
Min Period        n/a     DSP48E1/CLK  n/a            3.687         10.000      6.313                encryptorator/vote_1_caster/product_reg/CLK
Low Pulse Width   Slow    FDRE/C       n/a            0.500         6.000       5.500                FSM_sequential_vote_procesor_states_reg[0]/C
High Pulse Width  Slow    FDRE/C       n/a            0.500         4.000       3.500                FSM_sequential_vote_procesor_states_reg[0]/C



