Copyright 1986-2022 Xilinx, Inc. All Rights Reserved. Copyright 2022-2024 Advanced Micro Devices, Inc. All Rights Reserved.
---------------------------------------------------------------------------------------------------------------------------------------------
| Tool Version : Vivado v.2024.1 (lin64) Build 5076996 Wed May 22 18:36:09 MDT 2024
| Date         : Mon Oct 28 10:58:31 2024
| Host         : eecs-digital-09 running 64-bit Ubuntu 24.04.1 LTS
| Command      : report_timing_summary -file obj/post_place_timing_summary.rpt
| Design       : top_level
| Device       : 7s50-csga324
| Speed File   : -1  PRODUCTION 1.23 2018-06-13
| Design State : Fully Placed
---------------------------------------------------------------------------------------------------------------------------------------------

Timing Summary Report

------------------------------------------------------------------------------------------------
| Timer Settings
| --------------
------------------------------------------------------------------------------------------------

  Enable Multi Corner Analysis               :  Yes
  Enable Pessimism Removal                   :  Yes
  Pessimism Removal Resolution               :  Nearest Common Node
  Enable Input Delay Default Clock           :  No
  Enable Preset / Clear Arcs                 :  No
  Disable Flight Delays                      :  No
  Ignore I/O Paths                           :  No
  Timing Early Launch at Borrowing Latches   :  No
  Borrow Time for Max Delay Exceptions       :  Yes
  Merge Timing Exceptions                    :  Yes
  Inter-SLR Compensation                     :  Conservative

  Corner  Analyze    Analyze    
  Name    Max Paths  Min Paths  
  ------  ---------  ---------  
  Slow    Yes        Yes        
  Fast    Yes        Yes        


------------------------------------------------------------------------------------------------
| Report Methodology
| ------------------
------------------------------------------------------------------------------------------------

No report available as report_methodology has not been run prior. Run report_methodology on the current design for the summary of methodology violations.



check_timing report

Table of Contents
-----------------
1. checking no_clock (0)
2. checking constant_clock (0)
3. checking pulse_width_clock (0)
4. checking unconstrained_internal_endpoints (0)
5. checking no_input_delay (31)
6. checking no_output_delay (30)
7. checking multiple_clock (0)
8. checking generated_clocks (0)
9. checking loops (0)
10. checking partial_input_delay (0)
11. checking partial_output_delay (0)
12. checking latch_loops (0)

1. checking no_clock (0)
------------------------
 There are 0 register/latch pins with no clock.


2. checking constant_clock (0)
------------------------------
 There are 0 register/latch pins with constant_clock.


3. checking pulse_width_clock (0)
---------------------------------
 There are 0 register/latch pins which need pulse_width check


4. checking unconstrained_internal_endpoints (0)
------------------------------------------------
 There are 0 pins that are not constrained for maximum delay.

 There are 0 pins that are not constrained for maximum delay due to constant clock.


5. checking no_input_delay (31)
-------------------------------
 There are 31 input ports with no input delay specified. (HIGH)

 There are 0 input ports with no input delay but user has a false path constraint.


6. checking no_output_delay (30)
--------------------------------
 There are 30 ports with no output delay specified. (HIGH)

 There are 0 ports with no output delay but user has a false path constraint

 There are 0 ports with no output delay but with a timing clock defined on it or propagating through it


7. checking multiple_clock (0)
------------------------------
 There are 0 register/latch pins with multiple clocks.


8. checking generated_clocks (0)
--------------------------------
 There are 0 generated clocks that are not connected to a clock source.


9. checking loops (0)
---------------------
 There are 0 combinational loops in the design.


10. checking partial_input_delay (0)
------------------------------------
 There are 0 input ports with partial input delay specified.


11. checking partial_output_delay (0)
-------------------------------------
 There are 0 ports with partial output delay specified.


12. checking latch_loops (0)
----------------------------
 There are 0 combinational latch loops in the design through latch input



------------------------------------------------------------------------------------------------
| Design Timing Summary
| ---------------------
------------------------------------------------------------------------------------------------

    WNS(ns)      TNS(ns)  TNS Failing Endpoints  TNS Total Endpoints      WHS(ns)      THS(ns)  THS Failing Endpoints  THS Total Endpoints     WPWS(ns)     TPWS(ns)  TPWS Failing Endpoints  TPWS Total Endpoints  
    -------      -------  ---------------------  -------------------      -------      -------  ---------------------  -------------------     --------     --------  ----------------------  --------------------  
      0.291        0.000                      0                 6436       -0.098       -0.818                     28                 6424        0.538        0.000                       0                  3003  


Timing constraints are not met.


------------------------------------------------------------------------------------------------
| Clock Summary
| -------------
------------------------------------------------------------------------------------------------

Clock                  Waveform(ns)         Period(ns)      Frequency(MHz)
-----                  ------------         ----------      --------------
gclk                   {0.000 4.000}        10.000          100.000         
  clk_100_cw_fast      {0.000 5.000}        10.000          100.000         
    clk_pixel_cw_hdmi  {0.000 6.734}        13.468          74.250          
    clk_tmds_cw_hdmi   {0.000 1.347}        2.694           371.250         
    clkfbout_cw_hdmi   {0.000 25.000}       50.000          20.000          
  clk_camera_cw_fast   {0.000 2.500}        5.000           200.000         
  clk_xc_cw_fast       {0.000 20.000}       40.000          25.000          
  clkfbout_cw_fast     {0.000 5.000}        10.000          100.000         


------------------------------------------------------------------------------------------------
| Intra Clock Table
| -----------------
------------------------------------------------------------------------------------------------

Clock                      WNS(ns)      TNS(ns)  TNS Failing Endpoints  TNS Total Endpoints      WHS(ns)      THS(ns)  THS Failing Endpoints  THS Total Endpoints     WPWS(ns)     TPWS(ns)  TPWS Failing Endpoints  TPWS Total Endpoints  
-----                      -------      -------  ---------------------  -------------------      -------      -------  ---------------------  -------------------     --------     --------  ----------------------  --------------------  
gclk                                                                                                                                                                     2.000        0.000                       0                     1  
  clk_100_cw_fast                                                                                                                                                        3.000        0.000                       0                     3  
    clk_pixel_cw_hdmi        0.291        0.000                      0                 5944       -0.098       -0.438                     14                 5944        5.754        0.000                       0                  2763  
    clk_tmds_cw_hdmi                                                                                                                                                     0.538        0.000                       0                     8  
    clkfbout_cw_hdmi                                                                                                                                                    47.845        0.000                       0                     3  
  clk_camera_cw_fast         0.527        0.000                      0                  480       -0.089       -0.380                     14                  480        2.000        0.000                       0                   220  
  clk_xc_cw_fast                                                                                                                                                        37.845        0.000                       0                     2  
  clkfbout_cw_fast                                                                                                                                                       7.845        0.000                       0                     3  


------------------------------------------------------------------------------------------------
| Inter Clock Table
| -----------------
------------------------------------------------------------------------------------------------

From Clock          To Clock                WNS(ns)      TNS(ns)  TNS Failing Endpoints  TNS Total Endpoints      WHS(ns)      THS(ns)  THS Failing Endpoints  THS Total Endpoints  
----------          --------                -------      -------  ---------------------  -------------------      -------      -------  ---------------------  -------------------  
clk_camera_cw_fast  clk_pixel_cw_hdmi         3.758        0.000                      0                    6                                                                        
clk_pixel_cw_hdmi   clk_camera_cw_fast       11.941        0.000                      0                    6                                                                        


------------------------------------------------------------------------------------------------
| Other Path Groups Table
| -----------------------
------------------------------------------------------------------------------------------------

Path Group    From Clock    To Clock          WNS(ns)      TNS(ns)  TNS Failing Endpoints  TNS Total Endpoints      WHS(ns)      THS(ns)  THS Failing Endpoints  THS Total Endpoints  
----------    ----------    --------          -------      -------  ---------------------  -------------------      -------      -------  ---------------------  -------------------  


------------------------------------------------------------------------------------------------
| Timing Details
| --------------
------------------------------------------------------------------------------------------------


---------------------------------------------------------------------------------------------------
From Clock:  gclk
  To Clock:  gclk

Setup :           NA  Failing Endpoints,  Worst Slack           NA  ,  Total Violation           NA
Hold  :           NA  Failing Endpoints,  Worst Slack           NA  ,  Total Violation           NA
PW    :            0  Failing Endpoints,  Worst Slack        2.000ns,  Total Violation        0.000ns
---------------------------------------------------------------------------------------------------


Pulse Width Checks
--------------------------------------------------------------------------------------
Clock Name:         gclk
Waveform(ns):       { 0.000 4.000 }
Period(ns):         10.000
Sources:            { clk_100mhz }

Check Type        Corner  Lib Pin           Reference Pin  Required(ns)  Actual(ns)  Slack(ns)  Location        Pin
Min Period        n/a     PLLE2_ADV/CLKIN1  n/a            1.249         10.000      8.751      PLLE2_ADV_X0Y0  wizard_migcam/plle2_adv_inst/CLKIN1
Max Period        n/a     PLLE2_ADV/CLKIN1  n/a            52.633        10.000      42.633     PLLE2_ADV_X0Y0  wizard_migcam/plle2_adv_inst/CLKIN1
Low Pulse Width   Slow    PLLE2_ADV/CLKIN1  n/a            2.000         6.000       4.000      PLLE2_ADV_X0Y0  wizard_migcam/plle2_adv_inst/CLKIN1
High Pulse Width  Slow    PLLE2_ADV/CLKIN1  n/a            2.000         4.000       2.000      PLLE2_ADV_X0Y0  wizard_migcam/plle2_adv_inst/CLKIN1



---------------------------------------------------------------------------------------------------
From Clock:  clk_100_cw_fast
  To Clock:  clk_100_cw_fast

Setup :           NA  Failing Endpoints,  Worst Slack           NA  ,  Total Violation           NA
Hold  :           NA  Failing Endpoints,  Worst Slack           NA  ,  Total Violation           NA
PW    :            0  Failing Endpoints,  Worst Slack        3.000ns,  Total Violation        0.000ns
---------------------------------------------------------------------------------------------------


Pulse Width Checks
--------------------------------------------------------------------------------------
Clock Name:         clk_100_cw_fast
Waveform(ns):       { 0.000 5.000 }
Period(ns):         10.000
Sources:            { wizard_migcam/plle2_adv_inst/CLKOUT0 }

Check Type        Corner  Lib Pin            Reference Pin  Required(ns)  Actual(ns)  Slack(ns)  Location         Pin
Min Period        n/a     BUFG/I             n/a            2.155         10.000      7.845      BUFGCTRL_X0Y6    wizard_migcam/clkout1_buf/I
Max Period        n/a     MMCME2_ADV/CLKIN1  n/a            100.000       10.000      90.000     MMCME2_ADV_X1Y0  wizard_hdmi/mmcm_adv_inst/CLKIN1
Low Pulse Width   Slow    MMCME2_ADV/CLKIN1  n/a            2.000         5.000       3.000      MMCME2_ADV_X1Y0  wizard_hdmi/mmcm_adv_inst/CLKIN1
High Pulse Width  Slow    MMCME2_ADV/CLKIN1  n/a            2.000         5.000       3.000      MMCME2_ADV_X1Y0  wizard_hdmi/mmcm_adv_inst/CLKIN1



---------------------------------------------------------------------------------------------------
From Clock:  clk_pixel_cw_hdmi
  To Clock:  clk_pixel_cw_hdmi

Setup :            0  Failing Endpoints,  Worst Slack        0.291ns,  Total Violation        0.000ns
Hold  :           14  Failing Endpoints,  Worst Slack       -0.098ns,  Total Violation       -0.438ns
PW    :            0  Failing Endpoints,  Worst Slack        5.754ns,  Total Violation        0.000ns
---------------------------------------------------------------------------------------------------


Max Delay Paths
--------------------------------------------------------------------------------------
Slack (MET) :             0.291ns  (required time - arrival time)
  Source:                 genblk1[5].filterm/mconv/products_red_reg[0][0][1]/C
                            (rising edge-triggered cell FDRE clocked by clk_pixel_cw_hdmi  {rise@0.000ns fall@6.734ns period=13.468ns})
  Destination:            genblk1[5].filterm/mconv/sum_red_reg[19]/D
                            (rising edge-triggered cell FDRE clocked by clk_pixel_cw_hdmi  {rise@0.000ns fall@6.734ns period=13.468ns})
  Path Group:             clk_pixel_cw_hdmi
  Path Type:              Setup (Max at Slow Process Corner)
  Requirement:            13.468ns  (clk_pixel_cw_hdmi rise@13.468ns - clk_pixel_cw_hdmi rise@0.000ns)
  Data Path Delay:        12.925ns  (logic 8.164ns (63.164%)  route 4.761ns (36.836%))
  Logic Levels:           20  (CARRY4=13 LUT2=7)
  Clock Path Skew:        -0.104ns (DCD - SCD + CPR)
    Destination Clock Delay (DCD):    -2.127ns = ( 11.341 - 13.468 ) 
    Source Clock Delay      (SCD):    -2.532ns
    Clock Pessimism Removal (CPR):    -0.508ns
  Clock Uncertainty:      0.210ns  ((TSJ^2 + DJ^2)^1/2) / 2 + PE
    Total System Jitter     (TSJ):    0.071ns
    Discrete Jitter          (DJ):    0.414ns
    Phase Error              (PE):    0.000ns

    Location             Delay type                Incr(ns)  Path(ns)    Netlist Resource(s)
  -------------------------------------------------------------------    -------------------
                         (clock clk_pixel_cw_hdmi rise edge)
                                                      0.000     0.000 r  
    N15                                               0.000     0.000 r  clk_100mhz (IN)
                         net (fo=0)                   0.000     0.000    wizard_migcam/clk_100mhz
    N15                  IBUF (Prop_ibuf_I_O)         1.440     1.440 r  wizard_migcam/clkin1_ibufg/O
                         net (fo=1, estimated)        1.253     2.693    wizard_migcam/clk_in1_cw_fast
    PLLE2_ADV_X0Y0       PLLE2_ADV (Prop_plle2_adv_CLKIN1_CLKOUT0)
                                                     -8.525    -5.832 r  wizard_migcam/plle2_adv_inst/CLKOUT0
                         net (fo=1, estimated)        1.660    -4.172    wizard_migcam/clk_100_cw_fast
    BUFGCTRL_X0Y6        BUFG (Prop_bufg_I_O)         0.096    -4.076 r  wizard_migcam/clkout1_buf/O
                         net (fo=1, estimated)        1.634    -2.442    wizard_hdmi/clk_100
    MMCME2_ADV_X1Y0      MMCME2_ADV (Prop_mmcme2_adv_CLKIN1_CLKOUT0)
                                                     -3.393    -5.835 r  wizard_hdmi/mmcm_adv_inst/CLKOUT0
                         net (fo=1, estimated)        1.661    -4.174    wizard_hdmi/clk_pixel_cw_hdmi
    BUFGCTRL_X0Y0        BUFG (Prop_bufg_I_O)         0.096    -4.078 r  wizard_hdmi/clkout1_buf/O
                         net (fo=2762, estimated)     1.546    -2.532    genblk1[5].filterm/mconv/clk_pixel
    SLICE_X35Y24         FDRE                                         r  genblk1[5].filterm/mconv/products_red_reg[0][0][1]/C
  -------------------------------------------------------------------    -------------------
    SLICE_X35Y24         FDRE (Prop_fdre_C_Q)         0.419    -2.113 r  genblk1[5].filterm/mconv/products_red_reg[0][0][1]/Q
                         net (fo=1, estimated)        0.309    -1.804    genblk1[5].filterm/mconv/products_red_reg_n_0_[0][0][1]
    SLICE_X34Y25         LUT2 (Prop_lut2_I1_O)        0.296    -1.508 r  genblk1[5].filterm/mconv/sum_red[0]_i_19/O
                         net (fo=1, routed)           0.000    -1.508    genblk1[5].filterm/mconv/sum_red[0]_i_19_n_0
    SLICE_X34Y25         CARRY4 (Prop_carry4_S[1]_O[2])
                                                      0.578    -0.930 r  genblk1[5].filterm/mconv/sum_red_reg[0]_i_12/O[2]
                         net (fo=1, estimated)        0.600    -0.330    genblk1[5].filterm/mconv/sum_red_reg[0]_i_12_n_5
    SLICE_X35Y25         LUT2 (Prop_lut2_I1_O)        0.301    -0.029 r  genblk1[5].filterm/mconv/sum_red[0]_i_15/O
                         net (fo=1, routed)           0.000    -0.029    genblk1[5].filterm/mconv/sum_red[0]_i_15_n_0
    SLICE_X35Y25         CARRY4 (Prop_carry4_S[1]_CO[3])
                                                      0.550     0.521 r  genblk1[5].filterm/mconv/sum_red_reg[0]_i_11/CO[3]
                         net (fo=1, estimated)        0.000     0.521    genblk1[5].filterm/mconv/sum_red_reg[0]_i_11_n_0
    SLICE_X35Y26         CARRY4 (Prop_carry4_CI_O[0])
                                                      0.222     0.743 r  genblk1[5].filterm/mconv/sum_red_reg[8]_i_12/O[0]
                         net (fo=1, estimated)        0.700     1.443    genblk1[5].filterm/mconv/sum_red_reg[8]_i_12_n_7
    SLICE_X36Y25         CARRY4 (Prop_carry4_S[1]_CO[3])
                                                      0.849     2.292 r  genblk1[5].filterm/mconv/sum_red_reg[8]_i_11/CO[3]
                         net (fo=1, estimated)        0.000     2.292    genblk1[5].filterm/mconv/sum_red_reg[8]_i_11_n_0
    SLICE_X36Y26         CARRY4 (Prop_carry4_CI_O[1])
                                                      0.334     2.626 r  genblk1[5].filterm/mconv/sum_red_reg[19]_i_31/O[1]
                         net (fo=3, estimated)        0.621     3.247    genblk1[5].filterm/mconv/sum_red_reg[19]_i_31_n_6
    SLICE_X37Y26         LUT2 (Prop_lut2_I0_O)        0.303     3.550 r  genblk1[5].filterm/mconv/sum_red[19]_i_36/O
                         net (fo=1, routed)           0.000     3.550    genblk1[5].filterm/mconv/sum_red[19]_i_36_n_0
    SLICE_X37Y26         CARRY4 (Prop_carry4_S[3]_CO[3])
                                                      0.401     3.951 r  genblk1[5].filterm/mconv/sum_red_reg[19]_i_23/CO[3]
                         net (fo=1, estimated)        0.000     3.951    genblk1[5].filterm/mconv/sum_red_reg[19]_i_23_n_0
    SLICE_X37Y27         CARRY4 (Prop_carry4_CI_O[0])
                                                      0.222     4.173 r  genblk1[5].filterm/mconv/sum_red_reg[19]_i_19/O[0]
                         net (fo=3, estimated)        0.875     5.048    genblk1[5].filterm/mconv/sum_red_reg[19]_i_19_n_7
    SLICE_X37Y24         LUT2 (Prop_lut2_I0_O)        0.299     5.347 r  genblk1[5].filterm/mconv/sum_red[19]_i_26/O
                         net (fo=1, routed)           0.000     5.347    genblk1[5].filterm/mconv/sum_red[19]_i_26_n_0
    SLICE_X37Y24         CARRY4 (Prop_carry4_S[1]_O[2])
                                                      0.580     5.927 r  genblk1[5].filterm/mconv/sum_red_reg[19]_i_12/O[2]
                         net (fo=3, estimated)        0.595     6.522    genblk1[5].filterm/mconv/sum_red_reg[19]_i_12_n_5
    SLICE_X38Y25         LUT2 (Prop_lut2_I0_O)        0.302     6.824 r  genblk1[5].filterm/mconv/sum_red[16]_i_21/O
                         net (fo=1, routed)           0.000     6.824    genblk1[5].filterm/mconv/sum_red[16]_i_21_n_0
    SLICE_X38Y25         CARRY4 (Prop_carry4_S[3]_CO[3])
                                                      0.376     7.200 r  genblk1[5].filterm/mconv/sum_red_reg[16]_i_9/CO[3]
                         net (fo=1, estimated)        0.000     7.200    genblk1[5].filterm/mconv/sum_red_reg[16]_i_9_n_0
    SLICE_X38Y26         CARRY4 (Prop_carry4_CI_O[0])
                                                      0.219     7.419 r  genblk1[5].filterm/mconv/sum_red_reg[19]_i_6/O[0]
                         net (fo=3, estimated)        0.484     7.903    genblk1[5].filterm/mconv/sum_red_reg[19]_i_6_n_7
    SLICE_X39Y25         LUT2 (Prop_lut2_I1_O)        0.295     8.198 r  genblk1[5].filterm/mconv/sum_red[16]_i_11/O
                         net (fo=1, routed)           0.000     8.198    genblk1[5].filterm/mconv/sum_red[16]_i_11_n_0
    SLICE_X39Y25         CARRY4 (Prop_carry4_S[3]_CO[3])
                                                      0.401     8.599 r  genblk1[5].filterm/mconv/sum_red_reg[16]_i_2/CO[3]
                         net (fo=1, estimated)        0.000     8.599    genblk1[5].filterm/mconv/sum_red_reg[16]_i_2_n_0
    SLICE_X39Y26         CARRY4 (Prop_carry4_CI_O[1])
                                                      0.334     8.933 r  genblk1[5].filterm/mconv/sum_red_reg[19]_i_2/O[1]
                         net (fo=3, estimated)        0.577     9.510    genblk1[5].filterm/mconv/C__0[17]
    SLICE_X41Y26         LUT2 (Prop_lut2_I0_O)        0.303     9.813 r  genblk1[5].filterm/mconv/sum_red[19]_i_4__1/O
                         net (fo=1, routed)           0.000     9.813    genblk1[5].filterm/mconv/sum_red[19]_i_4__1_n_0
    SLICE_X41Y26         CARRY4 (Prop_carry4_S[1]_O[2])
                                                      0.580    10.393 r  genblk1[5].filterm/mconv/sum_red_reg[19]_i_1/O[2]
                         net (fo=1, routed)           0.000    10.393    genblk1[5].filterm/mconv/sum_red0[19]
    SLICE_X41Y26         FDRE                                         r  genblk1[5].filterm/mconv/sum_red_reg[19]/D
  -------------------------------------------------------------------    -------------------

                         (clock clk_pixel_cw_hdmi rise edge)
                                                     13.468    13.468 r  
    N15                                               0.000    13.468 r  clk_100mhz (IN)
                         net (fo=0)                   0.000    13.468    wizard_migcam/clk_100mhz
    N15                  IBUF (Prop_ibuf_I_O)         1.370    14.838 r  wizard_migcam/clkin1_ibufg/O
                         net (fo=1, estimated)        1.190    16.029    wizard_migcam/clk_in1_cw_fast
    PLLE2_ADV_X0Y0       PLLE2_ADV (Prop_plle2_adv_CLKIN1_CLKOUT0)
                                                     -7.790     8.239 r  wizard_migcam/plle2_adv_inst/CLKOUT0
                         net (fo=1, estimated)        1.577     9.816    wizard_migcam/clk_100_cw_fast
    BUFGCTRL_X0Y6        BUFG (Prop_bufg_I_O)         0.091     9.907 r  wizard_migcam/clkout1_buf/O
                         net (fo=1, estimated)        1.517    11.424    wizard_hdmi/clk_100
    MMCME2_ADV_X1Y0      MMCME2_ADV (Prop_mmcme2_adv_CLKIN1_CLKOUT0)
                                                     -3.187     8.237 r  wizard_hdmi/mmcm_adv_inst/CLKOUT0
                         net (fo=1, estimated)        1.578     9.815    wizard_hdmi/clk_pixel_cw_hdmi
    BUFGCTRL_X0Y0        BUFG (Prop_bufg_I_O)         0.091     9.906 r  wizard_hdmi/clkout1_buf/O
                         net (fo=2762, estimated)     1.435    11.341    genblk1[5].filterm/mconv/clk_pixel
    SLICE_X41Y26         FDRE                                         r  genblk1[5].filterm/mconv/sum_red_reg[19]/C
                         clock pessimism             -0.508    10.832    
                         clock uncertainty           -0.210    10.623    
    SLICE_X41Y26         FDRE (Setup_fdre_C_D)        0.062    10.685    genblk1[5].filterm/mconv/sum_red_reg[19]
  -------------------------------------------------------------------
                         required time                         10.685    
                         arrival time                         -10.393    
  -------------------------------------------------------------------
                         slack                                  0.291    





Min Delay Paths
--------------------------------------------------------------------------------------
Slack (VIOLATED) :        -0.098ns  (arrival time - required time)
  Source:                 red_ser/pwup_rst_reg/C
                            (rising edge-triggered cell FDRE clocked by clk_pixel_cw_hdmi  {rise@0.000ns fall@6.734ns period=13.468ns})
  Destination:            blue_ser/secondary/RST
                            (rising edge-triggered cell OSERDESE2 clocked by clk_pixel_cw_hdmi  {rise@0.000ns fall@6.734ns period=13.468ns})
  Path Group:             clk_pixel_cw_hdmi
  Path Type:              Hold (Min at Fast Process Corner)
  Requirement:            0.000ns  (clk_pixel_cw_hdmi rise@0.000ns - clk_pixel_cw_hdmi rise@0.000ns)
  Data Path Delay:        0.640ns  (logic 0.186ns (29.044%)  route 0.454ns (70.956%))
  Logic Levels:           1  (LUT2=1)
  Clock Path Skew:        0.179ns (DCD - SCD - CPR)
    Destination Clock Delay (DCD):    -0.157ns
    Source Clock Delay      (SCD):    -0.513ns
    Clock Pessimism Removal (CPR):    0.177ns

    Location             Delay type                Incr(ns)  Path(ns)    Netlist Resource(s)
  -------------------------------------------------------------------    -------------------
                         (clock clk_pixel_cw_hdmi rise edge)
                                                      0.000     0.000 r  
    N15                                               0.000     0.000 r  clk_100mhz (IN)
                         net (fo=0)                   0.000     0.000    wizard_migcam/clk_100mhz
    N15                  IBUF (Prop_ibuf_I_O)         0.209     0.209 r  wizard_migcam/clkin1_ibufg/O
                         net (fo=1, estimated)        0.528     0.737    wizard_migcam/clk_in1_cw_fast
    PLLE2_ADV_X0Y0       PLLE2_ADV (Prop_plle2_adv_CLKIN1_CLKOUT0)
                                                     -2.564    -1.827 r  wizard_migcam/plle2_adv_inst/CLKOUT0
                         net (fo=1, estimated)        0.700    -1.127    wizard_migcam/clk_100_cw_fast
    BUFGCTRL_X0Y6        BUFG (Prop_bufg_I_O)         0.026    -1.101 r  wizard_migcam/clkout1_buf/O
                         net (fo=1, estimated)        0.595    -0.506    wizard_hdmi/clk_100
    MMCME2_ADV_X1Y0      MMCME2_ADV (Prop_mmcme2_adv_CLKIN1_CLKOUT0)
                                                     -1.321    -1.827 r  wizard_hdmi/mmcm_adv_inst/CLKOUT0
                         net (fo=1, estimated)        0.700    -1.127    wizard_hdmi/clk_pixel_cw_hdmi
    BUFGCTRL_X0Y0        BUFG (Prop_bufg_I_O)         0.026    -1.101 r  wizard_hdmi/clkout1_buf/O
                         net (fo=2762, estimated)     0.588    -0.513    red_ser/clk_pixel
    SLICE_X0Y19          FDRE                                         r  red_ser/pwup_rst_reg/C
  -------------------------------------------------------------------    -------------------
    SLICE_X0Y19          FDRE (Prop_fdre_C_Q)         0.141    -0.372 r  red_ser/pwup_rst_reg/Q
                         net (fo=1, estimated)        0.209    -0.163    red_ser/blue_ser/pwup_rst
    SLICE_X0Y19          LUT2 (Prop_lut2_I1_O)        0.045    -0.118 r  red_ser/primary_i_1/O
                         net (fo=6, estimated)        0.245     0.127    blue_ser/RST0
    OLOGIC_X0Y19         OSERDESE2                                    r  blue_ser/secondary/RST
  -------------------------------------------------------------------    -------------------

                         (clock clk_pixel_cw_hdmi rise edge)
                                                      0.000     0.000 r  
    N15                                               0.000     0.000 r  clk_100mhz (IN)
                         net (fo=0)                   0.000     0.000    wizard_migcam/clk_100mhz
    N15                  IBUF (Prop_ibuf_I_O)         0.396     0.396 r  wizard_migcam/clkin1_ibufg/O
                         net (fo=1, estimated)        0.556     0.952    wizard_migcam/clk_in1_cw_fast
    PLLE2_ADV_X0Y0       PLLE2_ADV (Prop_plle2_adv_CLKIN1_CLKOUT0)
                                                     -2.875    -1.923 r  wizard_migcam/plle2_adv_inst/CLKOUT0
                         net (fo=1, estimated)        0.737    -1.186    wizard_migcam/clk_100_cw_fast
    BUFGCTRL_X0Y6        BUFG (Prop_bufg_I_O)         0.029    -1.157 r  wizard_migcam/clkout1_buf/O
                         net (fo=1, estimated)        0.864    -0.293    wizard_hdmi/clk_100
    MMCME2_ADV_X1Y0      MMCME2_ADV (Prop_mmcme2_adv_CLKIN1_CLKOUT0)
                                                     -1.631    -1.924 r  wizard_hdmi/mmcm_adv_inst/CLKOUT0
                         net (fo=1, estimated)        0.737    -1.187    wizard_hdmi/clk_pixel_cw_hdmi
    BUFGCTRL_X0Y0        BUFG (Prop_bufg_I_O)         0.029    -1.158 r  wizard_hdmi/clkout1_buf/O
                         net (fo=2762, estimated)     1.001    -0.157    blue_ser/clk_pixel
    OLOGIC_X0Y19         OSERDESE2                                    r  blue_ser/secondary/CLKDIV
                         clock pessimism             -0.177    -0.334    
    OLOGIC_X0Y19         OSERDESE2 (Hold_oserdese2_CLKDIV_RST)
                                                      0.559     0.225    blue_ser/secondary
  -------------------------------------------------------------------
                         required time                         -0.225    
                         arrival time                           0.127    
  -------------------------------------------------------------------
                         slack                                 -0.098    





Pulse Width Checks
--------------------------------------------------------------------------------------
Clock Name:         clk_pixel_cw_hdmi
Waveform(ns):       { 0.000 6.734 }
Period(ns):         13.468
Sources:            { wizard_hdmi/mmcm_adv_inst/CLKOUT0 }

Check Type        Corner  Lib Pin             Reference Pin  Required(ns)  Actual(ns)  Slack(ns)  Location         Pin
Min Period        n/a     DSP48E1/CLK         n/a            3.884         13.468      9.584      DSP48_X1Y12      addra_reg/CLK
Max Period        n/a     MMCME2_ADV/CLKOUT0  n/a            213.360       13.468      199.892    MMCME2_ADV_X1Y0  wizard_hdmi/mmcm_adv_inst/CLKOUT0
Low Pulse Width   Slow    SRL16E/CLK          n/a            0.980         6.734       5.754      SLICE_X34Y10     filtern/mconv/data_valid_pipes_reg[2]_srl3/CLK
High Pulse Width  Slow    SRL16E/CLK          n/a            0.980         6.734       5.754      SLICE_X34Y10     filtern/mconv/data_valid_pipes_reg[2]_srl3/CLK



---------------------------------------------------------------------------------------------------
From Clock:  clk_tmds_cw_hdmi
  To Clock:  clk_tmds_cw_hdmi

Setup :           NA  Failing Endpoints,  Worst Slack           NA  ,  Total Violation           NA
Hold  :           NA  Failing Endpoints,  Worst Slack           NA  ,  Total Violation           NA
PW    :            0  Failing Endpoints,  Worst Slack        0.538ns,  Total Violation        0.000ns
---------------------------------------------------------------------------------------------------


Pulse Width Checks
--------------------------------------------------------------------------------------
Clock Name:         clk_tmds_cw_hdmi
Waveform(ns):       { 0.000 1.347 }
Period(ns):         2.694
Sources:            { wizard_hdmi/mmcm_adv_inst/CLKOUT1 }

Check Type  Corner  Lib Pin             Reference Pin  Required(ns)  Actual(ns)  Slack(ns)  Location         Pin
Min Period  n/a     BUFG/I              n/a            2.155         2.694       0.538      BUFGCTRL_X0Y1    wizard_hdmi/clkout2_buf/I
Max Period  n/a     MMCME2_ADV/CLKOUT1  n/a            213.360       2.694       210.666    MMCME2_ADV_X1Y0  wizard_hdmi/mmcm_adv_inst/CLKOUT1



---------------------------------------------------------------------------------------------------
From Clock:  clkfbout_cw_hdmi
  To Clock:  clkfbout_cw_hdmi

Setup :           NA  Failing Endpoints,  Worst Slack           NA  ,  Total Violation           NA
Hold  :           NA  Failing Endpoints,  Worst Slack           NA  ,  Total Violation           NA
PW    :            0  Failing Endpoints,  Worst Slack       47.845ns,  Total Violation        0.000ns
---------------------------------------------------------------------------------------------------


Pulse Width Checks
--------------------------------------------------------------------------------------
Clock Name:         clkfbout_cw_hdmi
Waveform(ns):       { 0.000 25.000 }
Period(ns):         50.000
Sources:            { wizard_hdmi/mmcm_adv_inst/CLKFBOUT }

Check Type  Corner  Lib Pin             Reference Pin  Required(ns)  Actual(ns)  Slack(ns)  Location         Pin
Min Period  n/a     BUFG/I              n/a            2.155         50.000      47.845     BUFGCTRL_X0Y4    wizard_hdmi/clkf_buf/I
Max Period  n/a     MMCME2_ADV/CLKFBIN  n/a            100.000       50.000      50.000     MMCME2_ADV_X1Y0  wizard_hdmi/mmcm_adv_inst/CLKFBIN



---------------------------------------------------------------------------------------------------
From Clock:  clk_camera_cw_fast
  To Clock:  clk_camera_cw_fast

Setup :            0  Failing Endpoints,  Worst Slack        0.527ns,  Total Violation        0.000ns
Hold  :           14  Failing Endpoints,  Worst Slack       -0.089ns,  Total Violation       -0.380ns
PW    :            0  Failing Endpoints,  Worst Slack        2.000ns,  Total Violation        0.000ns
---------------------------------------------------------------------------------------------------


Max Delay Paths
--------------------------------------------------------------------------------------
Slack (MET) :             0.527ns  (required time - arrival time)
  Source:                 crw/FSM_onehot_state_reg[1]/C
                            (rising edge-triggered cell FDRE clocked by clk_camera_cw_fast  {rise@0.000ns fall@2.500ns period=5.000ns})
  Destination:            crw/sccb_c/data_reg_reg[1]/R
                            (rising edge-triggered cell FDRE clocked by clk_camera_cw_fast  {rise@0.000ns fall@2.500ns period=5.000ns})
  Path Group:             clk_camera_cw_fast
  Path Type:              Setup (Max at Slow Process Corner)
  Requirement:            5.000ns  (clk_camera_cw_fast rise@5.000ns - clk_camera_cw_fast rise@0.000ns)
  Data Path Delay:        3.858ns  (logic 0.952ns (24.676%)  route 2.906ns (75.324%))
  Logic Levels:           4  (LUT2=1 LUT5=2 LUT6=1)
  Clock Path Skew:        -0.024ns (DCD - SCD + CPR)
    Destination Clock Delay (DCD):    -2.073ns = ( 2.927 - 5.000 ) 
    Source Clock Delay      (SCD):    -2.472ns
    Clock Pessimism Removal (CPR):    -0.422ns
  Clock Uncertainty:      0.067ns  ((TSJ^2 + DJ^2)^1/2) / 2 + PE
    Total System Jitter     (TSJ):    0.071ns
    Discrete Jitter          (DJ):    0.113ns
    Phase Error              (PE):    0.000ns

    Location             Delay type                Incr(ns)  Path(ns)    Netlist Resource(s)
  -------------------------------------------------------------------    -------------------
                         (clock clk_camera_cw_fast rise edge)
                                                      0.000     0.000 r  
    N15                                               0.000     0.000 r  clk_100mhz (IN)
                         net (fo=0)                   0.000     0.000    wizard_migcam/clk_100mhz
    N15                  IBUF (Prop_ibuf_I_O)         1.440     1.440 r  wizard_migcam/clkin1_ibufg/O
                         net (fo=1, estimated)        1.253     2.693    wizard_migcam/clk_in1_cw_fast
    PLLE2_ADV_X0Y0       PLLE2_ADV (Prop_plle2_adv_CLKIN1_CLKOUT2)
                                                     -8.525    -5.832 r  wizard_migcam/plle2_adv_inst/CLKOUT2
                         net (fo=1, estimated)        1.660    -4.172    wizard_migcam/clk_camera_cw_fast
    BUFGCTRL_X0Y3        BUFG (Prop_bufg_I_O)         0.096    -4.076 r  wizard_migcam/clkout3_buf/O
                         net (fo=218, estimated)      1.604    -2.472    crw/clk_camera
    SLICE_X4Y77          FDRE                                         r  crw/FSM_onehot_state_reg[1]/C
  -------------------------------------------------------------------    -------------------
    SLICE_X4Y77          FDRE (Prop_fdre_C_Q)         0.456    -2.016 f  crw/FSM_onehot_state_reg[1]/Q
                         net (fo=11, estimated)       1.036    -0.980    crw/sccb_c/Q[1]
    SLICE_X4Y77          LUT5 (Prop_lut5_I0_O)        0.124    -0.856 r  crw/sccb_c/FSM_onehot_state[8]_i_3/O
                         net (fo=4, estimated)        0.446    -0.410    crw/sccb_c/FSM_onehot_state_reg[1]
    SLICE_X4Y78          LUT5 (Prop_lut5_I4_O)        0.124    -0.286 r  crw/sccb_c/FSM_onehot_state_reg[8]_i_2/O
                         net (fo=4, estimated)        0.370     0.084    crw/sccb_c/FSM_onehot_state_reg[8]_i_2_n_0
    SLICE_X5Y78          LUT6 (Prop_lut6_I4_O)        0.124     0.208 r  crw/sccb_c/data_reg[7]_i_2/O
                         net (fo=10, estimated)       0.481     0.689    crw/sccb_c/data_reg[7]_i_2_n_0
    SLICE_X5Y77          LUT2 (Prop_lut2_I0_O)        0.124     0.813 r  crw/sccb_c/data_reg[7]_i_1/O
                         net (fo=8, estimated)        0.573     1.386    crw/sccb_c/data_reg[7]_i_1_n_0
    SLICE_X6Y76          FDRE                                         r  crw/sccb_c/data_reg_reg[1]/R
  -------------------------------------------------------------------    -------------------

                         (clock clk_camera_cw_fast rise edge)
                                                      5.000     5.000 r  
    N15                                               0.000     5.000 r  clk_100mhz (IN)
                         net (fo=0)                   0.000     5.000    wizard_migcam/clk_100mhz
    N15                  IBUF (Prop_ibuf_I_O)         1.370     6.370 r  wizard_migcam/clkin1_ibufg/O
                         net (fo=1, estimated)        1.190     7.561    wizard_migcam/clk_in1_cw_fast
    PLLE2_ADV_X0Y0       PLLE2_ADV (Prop_plle2_adv_CLKIN1_CLKOUT2)
                                                     -7.790    -0.229 r  wizard_migcam/plle2_adv_inst/CLKOUT2
                         net (fo=1, estimated)        1.577     1.348    wizard_migcam/clk_camera_cw_fast
    BUFGCTRL_X0Y3        BUFG (Prop_bufg_I_O)         0.091     1.439 r  wizard_migcam/clkout3_buf/O
                         net (fo=218, estimated)      1.488     2.927    crw/sccb_c/clk_camera
    SLICE_X6Y76          FDRE                                         r  crw/sccb_c/data_reg_reg[1]/C
                         clock pessimism             -0.422     2.504    
                         clock uncertainty           -0.067     2.438    
    SLICE_X6Y76          FDRE (Setup_fdre_C_R)       -0.524     1.914    crw/sccb_c/data_reg_reg[1]
  -------------------------------------------------------------------
                         required time                          1.914    
                         arrival time                          -1.386    
  -------------------------------------------------------------------
                         slack                                  0.527    





Min Delay Paths
--------------------------------------------------------------------------------------
Slack (VIOLATED) :        -0.089ns  (arrival time - required time)
  Source:                 nolabel_line107/pixel_data_out_reg[13]/C
                            (rising edge-triggered cell FDRE clocked by clk_camera_cw_fast  {rise@0.000ns fall@2.500ns period=5.000ns})
  Destination:            cdc_fifo/U0/inst_fifo_gen/gconvfifo.rf/grf.rf/gntv_or_sync_fifo.mem/gbm.gbmg.gbmga.ngecc.bmg/inst_blk_mem_gen/gnbram.gnativebmg.native_blk_mem_gen/valid.cstr/ramloop[0].ram.r/prim_noinit.ram/DEVICE_7SERIES.NO_BMM_INFO.SDP.WIDE_PRIM36_NO_ECC.ram/DIADI[19]
                            (rising edge-triggered cell RAMB36E1 clocked by clk_camera_cw_fast  {rise@0.000ns fall@2.500ns period=5.000ns})
  Path Group:             clk_camera_cw_fast
  Path Type:              Hold (Min at Fast Process Corner)
  Requirement:            0.000ns  (clk_camera_cw_fast rise@0.000ns - clk_camera_cw_fast rise@0.000ns)
  Data Path Delay:        0.267ns  (logic 0.141ns (52.802%)  route 0.126ns (47.198%))
  Logic Levels:           0  
  Clock Path Skew:        0.060ns (DCD - SCD - CPR)
    Destination Clock Delay (DCD):    -0.280ns
    Source Clock Delay      (SCD):    -0.538ns
    Clock Pessimism Removal (CPR):    0.198ns

    Location             Delay type                Incr(ns)  Path(ns)    Netlist Resource(s)
  -------------------------------------------------------------------    -------------------
                         (clock clk_camera_cw_fast rise edge)
                                                      0.000     0.000 r  
    N15                                               0.000     0.000 r  clk_100mhz (IN)
                         net (fo=0)                   0.000     0.000    wizard_migcam/clk_100mhz
    N15                  IBUF (Prop_ibuf_I_O)         0.209     0.209 r  wizard_migcam/clkin1_ibufg/O
                         net (fo=1, estimated)        0.528     0.737    wizard_migcam/clk_in1_cw_fast
    PLLE2_ADV_X0Y0       PLLE2_ADV (Prop_plle2_adv_CLKIN1_CLKOUT2)
                                                     -2.564    -1.827 r  wizard_migcam/plle2_adv_inst/CLKOUT2
                         net (fo=1, estimated)        0.700    -1.127    wizard_migcam/clk_camera_cw_fast
    BUFGCTRL_X0Y3        BUFG (Prop_bufg_I_O)         0.026    -1.101 r  wizard_migcam/clkout3_buf/O
                         net (fo=218, estimated)      0.563    -0.538    nolabel_line107/clk_camera
    SLICE_X48Y13         FDRE                                         r  nolabel_line107/pixel_data_out_reg[13]/C
  -------------------------------------------------------------------    -------------------
    SLICE_X48Y13         FDRE (Prop_fdre_C_Q)         0.141    -0.397 r  nolabel_line107/pixel_data_out_reg[13]/Q
                         net (fo=1, estimated)        0.126    -0.271    cdc_fifo/U0/inst_fifo_gen/gconvfifo.rf/grf.rf/gntv_or_sync_fifo.mem/gbm.gbmg.gbmga.ngecc.bmg/inst_blk_mem_gen/gnbram.gnativebmg.native_blk_mem_gen/valid.cstr/ramloop[0].ram.r/prim_noinit.ram/din[13]
    RAMB36_X1Y2          RAMB36E1                                     r  cdc_fifo/U0/inst_fifo_gen/gconvfifo.rf/grf.rf/gntv_or_sync_fifo.mem/gbm.gbmg.gbmga.ngecc.bmg/inst_blk_mem_gen/gnbram.gnativebmg.native_blk_mem_gen/valid.cstr/ramloop[0].ram.r/prim_noinit.ram/DEVICE_7SERIES.NO_BMM_INFO.SDP.WIDE_PRIM36_NO_ECC.ram/DIADI[19]
  -------------------------------------------------------------------    -------------------

                         (clock clk_camera_cw_fast rise edge)
                                                      0.000     0.000 r  
    N15                                               0.000     0.000 r  clk_100mhz (IN)
                         net (fo=0)                   0.000     0.000    wizard_migcam/clk_100mhz
    N15                  IBUF (Prop_ibuf_I_O)         0.396     0.396 r  wizard_migcam/clkin1_ibufg/O
                         net (fo=1, estimated)        0.556     0.952    wizard_migcam/clk_in1_cw_fast
    PLLE2_ADV_X0Y0       PLLE2_ADV (Prop_plle2_adv_CLKIN1_CLKOUT2)
                                                     -2.875    -1.923 r  wizard_migcam/plle2_adv_inst/CLKOUT2
                         net (fo=1, estimated)        0.737    -1.186    wizard_migcam/clk_camera_cw_fast
    BUFGCTRL_X0Y3        BUFG (Prop_bufg_I_O)         0.029    -1.157 r  wizard_migcam/clkout3_buf/O
                         net (fo=218, estimated)      0.877    -0.280    cdc_fifo/U0/inst_fifo_gen/gconvfifo.rf/grf.rf/gntv_or_sync_fifo.mem/gbm.gbmg.gbmga.ngecc.bmg/inst_blk_mem_gen/gnbram.gnativebmg.native_blk_mem_gen/valid.cstr/ramloop[0].ram.r/prim_noinit.ram/wr_clk
    RAMB36_X1Y2          RAMB36E1                                     r  cdc_fifo/U0/inst_fifo_gen/gconvfifo.rf/grf.rf/gntv_or_sync_fifo.mem/gbm.gbmg.gbmga.ngecc.bmg/inst_blk_mem_gen/gnbram.gnativebmg.native_blk_mem_gen/valid.cstr/ramloop[0].ram.r/prim_noinit.ram/DEVICE_7SERIES.NO_BMM_INFO.SDP.WIDE_PRIM36_NO_ECC.ram/CLKBWRCLK
                         clock pessimism             -0.198    -0.478    
    RAMB36_X1Y2          RAMB36E1 (Hold_ramb36e1_CLKBWRCLK_DIADI[19])
                                                      0.296    -0.182    cdc_fifo/U0/inst_fifo_gen/gconvfifo.rf/grf.rf/gntv_or_sync_fifo.mem/gbm.gbmg.gbmga.ngecc.bmg/inst_blk_mem_gen/gnbram.gnativebmg.native_blk_mem_gen/valid.cstr/ramloop[0].ram.r/prim_noinit.ram/DEVICE_7SERIES.NO_BMM_INFO.SDP.WIDE_PRIM36_NO_ECC.ram
  -------------------------------------------------------------------
                         required time                          0.182    
                         arrival time                          -0.271    
  -------------------------------------------------------------------
                         slack                                 -0.089    





Pulse Width Checks
--------------------------------------------------------------------------------------
Clock Name:         clk_camera_cw_fast
Waveform(ns):       { 0.000 2.500 }
Period(ns):         5.000
Sources:            { wizard_migcam/plle2_adv_inst/CLKOUT2 }

Check Type        Corner  Lib Pin             Reference Pin  Required(ns)  Actual(ns)  Slack(ns)  Location        Pin
Min Period        n/a     RAMB18E1/CLKARDCLK  n/a            2.944         5.000       2.056      RAMB18_X0Y30    registers/BRAM_reg/CLKARDCLK
Max Period        n/a     PLLE2_ADV/CLKOUT2   n/a            160.000       5.000       155.000    PLLE2_ADV_X0Y0  wizard_migcam/plle2_adv_inst/CLKOUT2
Low Pulse Width   Slow    FDRE/C              n/a            0.500         2.500       2.000      SLICE_X42Y9     cam_hsync_buf_reg[0]/C
High Pulse Width  Slow    FDRE/C              n/a            0.500         2.500       2.000      SLICE_X42Y9     cam_hsync_buf_reg[0]/C



---------------------------------------------------------------------------------------------------
From Clock:  clk_xc_cw_fast
  To Clock:  clk_xc_cw_fast

Setup :           NA  Failing Endpoints,  Worst Slack           NA  ,  Total Violation           NA
Hold  :           NA  Failing Endpoints,  Worst Slack           NA  ,  Total Violation           NA
PW    :            0  Failing Endpoints,  Worst Slack       37.845ns,  Total Violation        0.000ns
---------------------------------------------------------------------------------------------------


Pulse Width Checks
--------------------------------------------------------------------------------------
Clock Name:         clk_xc_cw_fast
Waveform(ns):       { 0.000 20.000 }
Period(ns):         40.000
Sources:            { wizard_migcam/plle2_adv_inst/CLKOUT3 }

Check Type  Corner  Lib Pin            Reference Pin  Required(ns)  Actual(ns)  Slack(ns)  Location        Pin
Min Period  n/a     BUFG/I             n/a            2.155         40.000      37.845     BUFGCTRL_X0Y2   wizard_migcam/clkout4_buf/I
Max Period  n/a     PLLE2_ADV/CLKOUT3  n/a            160.000       40.000      120.000    PLLE2_ADV_X0Y0  wizard_migcam/plle2_adv_inst/CLKOUT3



---------------------------------------------------------------------------------------------------
From Clock:  clkfbout_cw_fast
  To Clock:  clkfbout_cw_fast

Setup :           NA  Failing Endpoints,  Worst Slack           NA  ,  Total Violation           NA
Hold  :           NA  Failing Endpoints,  Worst Slack           NA  ,  Total Violation           NA
PW    :            0  Failing Endpoints,  Worst Slack        7.845ns,  Total Violation        0.000ns
---------------------------------------------------------------------------------------------------


Pulse Width Checks
--------------------------------------------------------------------------------------
Clock Name:         clkfbout_cw_fast
Waveform(ns):       { 0.000 5.000 }
Period(ns):         10.000
Sources:            { wizard_migcam/plle2_adv_inst/CLKFBOUT }

Check Type  Corner  Lib Pin            Reference Pin  Required(ns)  Actual(ns)  Slack(ns)  Location        Pin
Min Period  n/a     BUFG/I             n/a            2.155         10.000      7.845      BUFGCTRL_X0Y5   wizard_migcam/clkf_buf/I
Max Period  n/a     PLLE2_ADV/CLKFBIN  n/a            52.633        10.000      42.633     PLLE2_ADV_X0Y0  wizard_migcam/plle2_adv_inst/CLKFBIN



---------------------------------------------------------------------------------------------------
From Clock:  clk_camera_cw_fast
  To Clock:  clk_pixel_cw_hdmi

Setup :            0  Failing Endpoints,  Worst Slack        3.758ns,  Total Violation        0.000ns
Hold  :           NA  Failing Endpoints,  Worst Slack           NA  ,  Total Violation           NA
---------------------------------------------------------------------------------------------------


Max Delay Paths
--------------------------------------------------------------------------------------
Slack (MET) :             3.758ns  (required time - arrival time)
  Source:                 cdc_fifo/U0/inst_fifo_gen/gconvfifo.rf/grf.rf/gntv_or_sync_fifo.gcx.clkx/wr_pntr_cdc_inst/src_gray_ff_reg[3]/C
                            (rising edge-triggered cell FDRE clocked by clk_camera_cw_fast  {rise@0.000ns fall@2.500ns period=5.000ns})
  Destination:            cdc_fifo/U0/inst_fifo_gen/gconvfifo.rf/grf.rf/gntv_or_sync_fifo.gcx.clkx/wr_pntr_cdc_inst/dest_graysync_ff_reg[0][3]/D
                            (rising edge-triggered cell FDRE clocked by clk_pixel_cw_hdmi  {rise@0.000ns fall@6.734ns period=13.468ns})
  Path Group:             clk_pixel_cw_hdmi
  Path Type:              Setup (Max at Slow Process Corner)
  Requirement:            5.000ns  (MaxDelay Path 5.000ns)
  Data Path Delay:        1.023ns  (logic 0.419ns (40.958%)  route 0.604ns (59.042%))
  Logic Levels:           0  
  Timing Exception:       MaxDelay Path 5.000ns -datapath_only

    Location             Delay type                Incr(ns)  Path(ns)    Netlist Resource(s)
  -------------------------------------------------------------------    -------------------
    SLICE_X45Y3                                       0.000     0.000 r  cdc_fifo/U0/inst_fifo_gen/gconvfifo.rf/grf.rf/gntv_or_sync_fifo.gcx.clkx/wr_pntr_cdc_inst/src_gray_ff_reg[3]/C
    SLICE_X45Y3          FDRE (Prop_fdre_C_Q)         0.419     0.419 r  cdc_fifo/U0/inst_fifo_gen/gconvfifo.rf/grf.rf/gntv_or_sync_fifo.gcx.clkx/wr_pntr_cdc_inst/src_gray_ff_reg[3]/Q
                         net (fo=1, estimated)        0.604     1.023    cdc_fifo/U0/inst_fifo_gen/gconvfifo.rf/grf.rf/gntv_or_sync_fifo.gcx.clkx/wr_pntr_cdc_inst/async_path[3]
    SLICE_X38Y2          FDRE                                         r  cdc_fifo/U0/inst_fifo_gen/gconvfifo.rf/grf.rf/gntv_or_sync_fifo.gcx.clkx/wr_pntr_cdc_inst/dest_graysync_ff_reg[0][3]/D
  -------------------------------------------------------------------    -------------------

                         max delay                    5.000     5.000    
    SLICE_X38Y2          FDRE (Setup_fdre_C_D)       -0.219     4.781    cdc_fifo/U0/inst_fifo_gen/gconvfifo.rf/grf.rf/gntv_or_sync_fifo.gcx.clkx/wr_pntr_cdc_inst/dest_graysync_ff_reg[0][3]
  -------------------------------------------------------------------
                         required time                          4.781    
                         arrival time                          -1.023    
  -------------------------------------------------------------------
                         slack                                  3.758    





---------------------------------------------------------------------------------------------------
From Clock:  clk_pixel_cw_hdmi
  To Clock:  clk_camera_cw_fast

Setup :            0  Failing Endpoints,  Worst Slack       11.941ns,  Total Violation        0.000ns
Hold  :           NA  Failing Endpoints,  Worst Slack           NA  ,  Total Violation           NA
---------------------------------------------------------------------------------------------------


Max Delay Paths
--------------------------------------------------------------------------------------
Slack (MET) :             11.941ns  (required time - arrival time)
  Source:                 cdc_fifo/U0/inst_fifo_gen/gconvfifo.rf/grf.rf/gntv_or_sync_fifo.gcx.clkx/rd_pntr_cdc_inst/src_gray_ff_reg[0]/C
                            (rising edge-triggered cell FDRE clocked by clk_pixel_cw_hdmi  {rise@0.000ns fall@6.734ns period=13.468ns})
  Destination:            cdc_fifo/U0/inst_fifo_gen/gconvfifo.rf/grf.rf/gntv_or_sync_fifo.gcx.clkx/rd_pntr_cdc_inst/dest_graysync_ff_reg[0][0]/D
                            (rising edge-triggered cell FDRE clocked by clk_camera_cw_fast  {rise@0.000ns fall@2.500ns period=5.000ns})
  Path Group:             clk_camera_cw_fast
  Path Type:              Setup (Max at Slow Process Corner)
  Requirement:            13.468ns  (MaxDelay Path 13.468ns)
  Data Path Delay:        1.422ns  (logic 0.456ns (32.068%)  route 0.966ns (67.932%))
  Logic Levels:           0  
  Timing Exception:       MaxDelay Path 13.468ns -datapath_only

    Location             Delay type                Incr(ns)  Path(ns)    Netlist Resource(s)
  -------------------------------------------------------------------    -------------------
    SLICE_X39Y4                                       0.000     0.000 r  cdc_fifo/U0/inst_fifo_gen/gconvfifo.rf/grf.rf/gntv_or_sync_fifo.gcx.clkx/rd_pntr_cdc_inst/src_gray_ff_reg[0]/C
    SLICE_X39Y4          FDRE (Prop_fdre_C_Q)         0.456     0.456 r  cdc_fifo/U0/inst_fifo_gen/gconvfifo.rf/grf.rf/gntv_or_sync_fifo.gcx.clkx/rd_pntr_cdc_inst/src_gray_ff_reg[0]/Q
                         net (fo=1, estimated)        0.966     1.422    cdc_fifo/U0/inst_fifo_gen/gconvfifo.rf/grf.rf/gntv_or_sync_fifo.gcx.clkx/rd_pntr_cdc_inst/async_path[0]
    SLICE_X44Y3          FDRE                                         r  cdc_fifo/U0/inst_fifo_gen/gconvfifo.rf/grf.rf/gntv_or_sync_fifo.gcx.clkx/rd_pntr_cdc_inst/dest_graysync_ff_reg[0][0]/D
  -------------------------------------------------------------------    -------------------

                         max delay                   13.468    13.468    
    SLICE_X44Y3          FDRE (Setup_fdre_C_D)       -0.105    13.363    cdc_fifo/U0/inst_fifo_gen/gconvfifo.rf/grf.rf/gntv_or_sync_fifo.gcx.clkx/rd_pntr_cdc_inst/dest_graysync_ff_reg[0][0]
  -------------------------------------------------------------------
                         required time                         13.363    
                         arrival time                          -1.422    
  -------------------------------------------------------------------
                         slack                                 11.941    





